  bullet.cpp
D:\Github\CppFishingCode(jimchall)\CppFishingCode\instance\utils.h(10,25): error C3878: 语法错误:“expression”后出现意外标记“s”
D:\Github\CppFishingCode(jimchall)\CppFishingCode\instance\utils.h(10,25): message : 已跳过错误恢复:“标识符 = 标识符  . . . (”
D:\Github\CppFishingCode(jimchall)\CppFishingCode\instance\utils.h(10,43): error C2760: 语法错误: 此处出现意外的“)”；应为“;”
D:\Github\CppFishingCode(jimchall)\CppFishingCode\instance\utils.h(10,43): error C3878: 语法错误:“expression_statement”后出现意外标记“)”
D:\Github\CppFishingCode(jimchall)\CppFishingCode\instance\utils.h(10,43): message : 已跳过错误恢复:“) ,”
D:\Github\CppFishingCode(jimchall)\CppFishingCode\instance\utils.h(10,3): error C7510: “iterator”: 类型 从属名称的使用必须以“typename”为前缀
D:\Github\CppFishingCode(jimchall)\CppFishingCode\instance\oMap.h(54,24): error C3878: 语法错误:“expression”后出现意外标记“s”
D:\Github\CppFishingCode(jimchall)\CppFishingCode\instance\oMap.h(54,24): message : 已跳过错误恢复:“标识符 = 标识符  . . . (”
D:\Github\CppFishingCode(jimchall)\CppFishingCode\instance\oMap.h(54,55): message : 正在分析此处的简历
D:\Github\CppFishingCode(jimchall)\CppFishingCode\instance\oMap.h(54,55): error C2760: 语法错误: 此处出现意外的“)”；应为“;”
D:\Github\CppFishingCode(jimchall)\CppFishingCode\instance\oMap.h(54,55): error C3878: 语法错误:“expression_statement”后出现意外标记“)”
D:\Github\CppFishingCode(jimchall)\CppFishingCode\instance\oMap.h(54,55): message : 已跳过错误恢复:“) ,”
D:\Github\CppFishingCode(jimchall)\CppFishingCode\instance\oMap.h(54,2): error C7510: “iterator”: 类型 从属名称的使用必须以“typename”为前缀
D:\Github\CppFishingCode(jimchall)\CppFishingCode\render\sprite.h(3,14): warning C4091: “extern ”: 没有声明变量时忽略“DemoApp”的左侧
D:\Github\CppFishingCode(jimchall)\CppFishingCode\frame\bullet.cpp(34,33): warning C4244: “=”: 从“int”转换到“float”，可能丢失数据
D:\Github\CppFishingCode(jimchall)\CppFishingCode\frame\bullet.cpp(35,34): warning C4244: “=”: 从“int”转换到“float”，可能丢失数据
D:\Github\CppFishingCode(jimchall)\CppFishingCode\frame\bullet.cpp(88,8): warning C4244: “初始化”: 从“double”转换到“int”，可能丢失数据
D:\Github\CppFishingCode(jimchall)\CppFishingCode\frame\bullet.cpp(99,19): warning C4267: “初始化”: 从“size_t”转换到“unsigned int”，可能丢失数据
D:\Github\CppFishingCode(jimchall)\CppFishingCode\frame\bullet.cpp(114,7): warning C4804: “%”: 在操作中使用类型“bool”不安全
  files.cpp
D:\Github\CppFishingCode(jimchall)\CppFishingCode\instance\utils.h(10,25): error C3878: 语法错误:“expression”后出现意外标记“s”
D:\Github\CppFishingCode(jimchall)\CppFishingCode\instance\utils.h(10,25): message : 已跳过错误恢复:“标识符 = 标识符  . . . (”
D:\Github\CppFishingCode(jimchall)\CppFishingCode\instance\utils.h(10,43): error C2760: 语法错误: 此处出现意外的“)”；应为“;”
D:\Github\CppFishingCode(jimchall)\CppFishingCode\instance\utils.h(10,43): error C3878: 语法错误:“expression_statement”后出现意外标记“)”
D:\Github\CppFishingCode(jimchall)\CppFishingCode\instance\utils.h(10,43): message : 已跳过错误恢复:“) ,”
D:\Github\CppFishingCode(jimchall)\CppFishingCode\instance\utils.h(10,3): error C7510: “iterator”: 类型 从属名称的使用必须以“typename”为前缀
D:\Github\CppFishingCode(jimchall)\CppFishingCode\instance\oMap.h(54,24): error C3878: 语法错误:“expression”后出现意外标记“s”
D:\Github\CppFishingCode(jimchall)\CppFishingCode\instance\oMap.h(54,24): message : 已跳过错误恢复:“标识符 = 标识符  . . . (”
D:\Github\CppFishingCode(jimchall)\CppFishingCode\instance\oMap.h(54,55): message : 正在分析此处的简历
D:\Github\CppFishingCode(jimchall)\CppFishingCode\instance\oMap.h(54,55): error C2760: 语法错误: 此处出现意外的“)”；应为“;”
D:\Github\CppFishingCode(jimchall)\CppFishingCode\instance\oMap.h(54,55): error C3878: 语法错误:“expression_statement”后出现意外标记“)”
D:\Github\CppFishingCode(jimchall)\CppFishingCode\instance\oMap.h(54,55): message : 已跳过错误恢复:“) ,”
D:\Github\CppFishingCode(jimchall)\CppFishingCode\instance\oMap.h(54,2): error C7510: “iterator”: 类型 从属名称的使用必须以“typename”为前缀
D:\Github\CppFishingCode(jimchall)\CppFishingCode\render\sprite.h(3,14): warning C4091: “extern ”: 没有声明变量时忽略“DemoApp”的左侧
D:\Github\CppFishingCode(jimchall)\CppFishingCode\frame\files.cpp(51,11): warning C4267: “初始化”: 从“size_t”转换到“int”，可能丢失数据
D:\Github\CppFishingCode(jimchall)\CppFishingCode\frame\files.cpp(52,11): warning C4018: “<”: 有符号/无符号不匹配
  fish.cpp
D:\Github\CppFishingCode(jimchall)\CppFishingCode\instance\utils.h(10,25): error C3878: 语法错误:“expression”后出现意外标记“s”
D:\Github\CppFishingCode(jimchall)\CppFishingCode\instance\utils.h(10,25): message : 已跳过错误恢复:“标识符 = 标识符  . . . (”
D:\Github\CppFishingCode(jimchall)\CppFishingCode\instance\utils.h(10,43): error C2760: 语法错误: 此处出现意外的“)”；应为“;”
D:\Github\CppFishingCode(jimchall)\CppFishingCode\instance\utils.h(10,43): error C3878: 语法错误:“expression_statement”后出现意外标记“)”
D:\Github\CppFishingCode(jimchall)\CppFishingCode\instance\utils.h(10,43): message : 已跳过错误恢复:“) ,”
D:\Github\CppFishingCode(jimchall)\CppFishingCode\instance\utils.h(10,3): error C7510: “iterator”: 类型 从属名称的使用必须以“typename”为前缀
D:\Github\CppFishingCode(jimchall)\CppFishingCode\instance\oMap.h(54,24): error C3878: 语法错误:“expression”后出现意外标记“s”
D:\Github\CppFishingCode(jimchall)\CppFishingCode\instance\oMap.h(54,24): message : 已跳过错误恢复:“标识符 = 标识符  . . . (”
D:\Github\CppFishingCode(jimchall)\CppFishingCode\instance\oMap.h(54,55): message : 正在分析此处的简历
D:\Github\CppFishingCode(jimchall)\CppFishingCode\instance\oMap.h(54,55): error C2760: 语法错误: 此处出现意外的“)”；应为“;”
D:\Github\CppFishingCode(jimchall)\CppFishingCode\instance\oMap.h(54,55): error C3878: 语法错误:“expression_statement”后出现意外标记“)”
D:\Github\CppFishingCode(jimchall)\CppFishingCode\instance\oMap.h(54,55): message : 已跳过错误恢复:“) ,”
D:\Github\CppFishingCode(jimchall)\CppFishingCode\instance\oMap.h(54,2): error C7510: “iterator”: 类型 从属名称的使用必须以“typename”为前缀
D:\Github\CppFishingCode(jimchall)\CppFishingCode\render\sprite.h(3,14): warning C4091: “extern ”: 没有声明变量时忽略“DemoApp”的左侧
D:\Github\CppFishingCode(jimchall)\CppFishingCode\frame\fish.cpp(67,47): warning C4244: “参数”: 从“int”转换到“float”，可能丢失数据
  fishConfig.cpp
D:\Github\CppFishingCode(jimchall)\CppFishingCode\instance\utils.h(10,25): error C3878: 语法错误:“expression”后出现意外标记“s”
D:\Github\CppFishingCode(jimchall)\CppFishingCode\instance\utils.h(10,25): message : 已跳过错误恢复:“标识符 = 标识符  . . . (”
D:\Github\CppFishingCode(jimchall)\CppFishingCode\instance\utils.h(10,43): error C2760: 语法错误: 此处出现意外的“)”；应为“;”
D:\Github\CppFishingCode(jimchall)\CppFishingCode\instance\utils.h(10,43): error C3878: 语法错误:“expression_statement”后出现意外标记“)”
D:\Github\CppFishingCode(jimchall)\CppFishingCode\instance\utils.h(10,43): message : 已跳过错误恢复:“) ,”
D:\Github\CppFishingCode(jimchall)\CppFishingCode\instance\utils.h(10,3): error C7510: “iterator”: 类型 从属名称的使用必须以“typename”为前缀
D:\Github\CppFishingCode(jimchall)\CppFishingCode\instance\oMap.h(54,24): error C3878: 语法错误:“expression”后出现意外标记“s”
D:\Github\CppFishingCode(jimchall)\CppFishingCode\instance\oMap.h(54,24): message : 已跳过错误恢复:“标识符 = 标识符  . . . (”
D:\Github\CppFishingCode(jimchall)\CppFishingCode\instance\oMap.h(54,55): message : 正在分析此处的简历
D:\Github\CppFishingCode(jimchall)\CppFishingCode\instance\oMap.h(54,55): error C2760: 语法错误: 此处出现意外的“)”；应为“;”
D:\Github\CppFishingCode(jimchall)\CppFishingCode\instance\oMap.h(54,55): error C3878: 语法错误:“expression_statement”后出现意外标记“)”
D:\Github\CppFishingCode(jimchall)\CppFishingCode\instance\oMap.h(54,55): message : 已跳过错误恢复:“) ,”
D:\Github\CppFishingCode(jimchall)\CppFishingCode\instance\oMap.h(54,2): error C7510: “iterator”: 类型 从属名称的使用必须以“typename”为前缀
D:\Github\CppFishingCode(jimchall)\CppFishingCode\render\sprite.h(3,14): warning C4091: “extern ”: 没有声明变量时忽略“DemoApp”的左侧
D:\Github\CppFishingCode(jimchall)\CppFishingCode\frame\fishConfig.cpp(87,31): warning C4244: “参数”: 从“int”转换到“float”，可能丢失数据
D:\Github\CppFishingCode(jimchall)\CppFishingCode\frame\fishConfig.cpp(92,31): warning C4244: “参数”: 从“int”转换到“float”，可能丢失数据
D:\Github\CppFishingCode(jimchall)\CppFishingCode\frame\fishConfig.cpp(96,23): warning C4244: “参数”: 从“int”转换到“float”，可能丢失数据
D:\Github\CppFishingCode(jimchall)\CppFishingCode\frame\fishConfig.cpp(100,23): warning C4244: “参数”: 从“int”转换到“float”，可能丢失数据
D:\Github\CppFishingCode(jimchall)\CppFishingCode\frame\fishConfig.cpp(195,20): warning C4244: “初始化”: 从“float”转换到“unsigned int”，可能丢失数据
D:\Github\CppFishingCode(jimchall)\CppFishingCode\frame\fishConfig.cpp(196,20): warning C4244: “初始化”: 从“float”转换到“unsigned int”，可能丢失数据
D:\Github\CppFishingCode(jimchall)\CppFishingCode\frame\fishConfig.cpp(215,21): warning C4244: “=”: 从“int”转换到“float”，可能丢失数据
D:\Github\CppFishingCode(jimchall)\CppFishingCode\frame\fishConfig.cpp(216,22): warning C4244: “=”: 从“int”转换到“float”，可能丢失数据
  frame0.cpp
D:\Github\CppFishingCode(jimchall)\CppFishingCode\instance\utils.h(10,25): error C3878: 语法错误:“expression”后出现意外标记“s”
D:\Github\CppFishingCode(jimchall)\CppFishingCode\instance\utils.h(10,25): message : 已跳过错误恢复:“标识符 = 标识符  . . . (”
D:\Github\CppFishingCode(jimchall)\CppFishingCode\instance\utils.h(10,43): error C2760: 语法错误: 此处出现意外的“)”；应为“;”
D:\Github\CppFishingCode(jimchall)\CppFishingCode\instance\utils.h(10,43): error C3878: 语法错误:“expression_statement”后出现意外标记“)”
D:\Github\CppFishingCode(jimchall)\CppFishingCode\instance\utils.h(10,43): message : 已跳过错误恢复:“) ,”
D:\Github\CppFishingCode(jimchall)\CppFishingCode\instance\utils.h(10,3): error C7510: “iterator”: 类型 从属名称的使用必须以“typename”为前缀
D:\Github\CppFishingCode(jimchall)\CppFishingCode\instance\oMap.h(54,24): error C3878: 语法错误:“expression”后出现意外标记“s”
D:\Github\CppFishingCode(jimchall)\CppFishingCode\instance\oMap.h(54,24): message : 已跳过错误恢复:“标识符 = 标识符  . . . (”
D:\Github\CppFishingCode(jimchall)\CppFishingCode\instance\oMap.h(54,55): message : 正在分析此处的简历
D:\Github\CppFishingCode(jimchall)\CppFishingCode\instance\oMap.h(54,55): error C2760: 语法错误: 此处出现意外的“)”；应为“;”
D:\Github\CppFishingCode(jimchall)\CppFishingCode\instance\oMap.h(54,55): error C3878: 语法错误:“expression_statement”后出现意外标记“)”
D:\Github\CppFishingCode(jimchall)\CppFishingCode\instance\oMap.h(54,55): message : 已跳过错误恢复:“) ,”
D:\Github\CppFishingCode(jimchall)\CppFishingCode\instance\oMap.h(54,2): error C7510: “iterator”: 类型 从属名称的使用必须以“typename”为前缀
D:\Github\CppFishingCode(jimchall)\CppFishingCode\render\sprite.h(3,14): warning C4091: “extern ”: 没有声明变量时忽略“DemoApp”的左侧
D:\Github\CppFishingCode(jimchall)\CppFishingCode\frame\frame0.cpp(11,20): warning C4305: “初始化”: 从“double”到“float”截断
D:\Github\CppFishingCode(jimchall)\CppFishingCode\frame\frame0.cpp(26,26): error C2665: “sprite::sprite”: 没有重载函数可以转换所有参数类型
D:\Github\CppFishingCode(jimchall)\CppFishingCode\frame\frame0.cpp(27,17): warning C4244: “=”: 从“int”转换到“float”，可能丢失数据
D:\Github\CppFishingCode(jimchall)\CppFishingCode\frame\frame0.cpp(28,18): warning C4244: “=”: 从“int”转换到“float”，可能丢失数据
D:\Github\CppFishingCode(jimchall)\CppFishingCode\frame\frame0.cpp(30,26): error C2665: “sprite::sprite”: 没有重载函数可以转换所有参数类型
D:\Github\CppFishingCode(jimchall)\CppFishingCode\frame\frame0.cpp(33,26): error C2665: “sprite::sprite”: 没有重载函数可以转换所有参数类型
  frame1.cpp
D:\Github\CppFishingCode(jimchall)\CppFishingCode\instance\utils.h(10,25): error C3878: 语法错误:“expression”后出现意外标记“s”
D:\Github\CppFishingCode(jimchall)\CppFishingCode\instance\utils.h(10,25): message : 已跳过错误恢复:“标识符 = 标识符  . . . (”
D:\Github\CppFishingCode(jimchall)\CppFishingCode\instance\utils.h(10,43): error C2760: 语法错误: 此处出现意外的“)”；应为“;”
D:\Github\CppFishingCode(jimchall)\CppFishingCode\instance\utils.h(10,43): error C3878: 语法错误:“expression_statement”后出现意外标记“)”
D:\Github\CppFishingCode(jimchall)\CppFishingCode\instance\utils.h(10,43): message : 已跳过错误恢复:“) ,”
D:\Github\CppFishingCode(jimchall)\CppFishingCode\instance\utils.h(10,3): error C7510: “iterator”: 类型 从属名称的使用必须以“typename”为前缀
D:\Github\CppFishingCode(jimchall)\CppFishingCode\instance\oMap.h(54,24): error C3878: 语法错误:“expression”后出现意外标记“s”
D:\Github\CppFishingCode(jimchall)\CppFishingCode\instance\oMap.h(54,24): message : 已跳过错误恢复:“标识符 = 标识符  . . . (”
D:\Github\CppFishingCode(jimchall)\CppFishingCode\instance\oMap.h(54,55): message : 正在分析此处的简历
D:\Github\CppFishingCode(jimchall)\CppFishingCode\instance\oMap.h(54,55): error C2760: 语法错误: 此处出现意外的“)”；应为“;”
D:\Github\CppFishingCode(jimchall)\CppFishingCode\instance\oMap.h(54,55): error C3878: 语法错误:“expression_statement”后出现意外标记“)”
D:\Github\CppFishingCode(jimchall)\CppFishingCode\instance\oMap.h(54,55): message : 已跳过错误恢复:“) ,”
D:\Github\CppFishingCode(jimchall)\CppFishingCode\instance\oMap.h(54,2): error C7510: “iterator”: 类型 从属名称的使用必须以“typename”为前缀
D:\Github\CppFishingCode(jimchall)\CppFishingCode\render\sprite.h(3,14): warning C4091: “extern ”: 没有声明变量时忽略“DemoApp”的左侧
D:\Github\CppFishingCode(jimchall)\CppFishingCode\frame\frame1.cpp(67,36): error C2665: “sprite::sprite”: 没有重载函数可以转换所有参数类型
D:\Github\CppFishingCode(jimchall)\CppFishingCode\frame\frame1.cpp(68,36): error C2665: “sprite::sprite”: 没有重载函数可以转换所有参数类型
D:\Github\CppFishingCode(jimchall)\CppFishingCode\frame\frame1.cpp(69,39): error C2665: “sprite::sprite”: 没有重载函数可以转换所有参数类型
D:\Github\CppFishingCode(jimchall)\CppFishingCode\frame\frame1.cpp(70,39): error C2665: “sprite::sprite”: 没有重载函数可以转换所有参数类型
D:\Github\CppFishingCode(jimchall)\CppFishingCode\frame\frame1.cpp(71,36): error C2665: “sprite::sprite”: 没有重载函数可以转换所有参数类型
D:\Github\CppFishingCode(jimchall)\CppFishingCode\frame\frame1.cpp(72,19): error C2664: “void files::getFile(LPWSTR)”: 无法将参数 1 从“const wchar_t [10]”转换为“LPWSTR”
D:\Github\CppFishingCode(jimchall)\CppFishingCode\frame\frame1.cpp(82,36): error C2665: “sprite::sprite”: 没有重载函数可以转换所有参数类型
D:\Github\CppFishingCode(jimchall)\CppFishingCode\frame\frame1.cpp(83,36): error C2665: “sprite::sprite”: 没有重载函数可以转换所有参数类型
D:\Github\CppFishingCode(jimchall)\CppFishingCode\frame\frame1.cpp(84,36): error C2665: “sprite::sprite”: 没有重载函数可以转换所有参数类型
D:\Github\CppFishingCode(jimchall)\CppFishingCode\frame\frame1.cpp(85,36): error C2665: “sprite::sprite”: 没有重载函数可以转换所有参数类型
D:\Github\CppFishingCode(jimchall)\CppFishingCode\frame\frame1.cpp(86,36): error C2665: “sprite::sprite”: 没有重载函数可以转换所有参数类型
D:\Github\CppFishingCode(jimchall)\CppFishingCode\frame\frame1.cpp(87,36): error C2665: “sprite::sprite”: 没有重载函数可以转换所有参数类型
D:\Github\CppFishingCode(jimchall)\CppFishingCode\frame\frame1.cpp(89,34): error C2664: “sprite *frame1::initAmt1(LPWSTR,int,int,int,float)”: 无法将参数 1 从“const wchar_t [23]”转换为“LPWSTR”
D:\Github\CppFishingCode(jimchall)\CppFishingCode\frame\frame1.cpp(90,34): error C2664: “sprite *frame1::initAmt1(LPWSTR,int,int,int,float)”: 无法将参数 1 从“const wchar_t [23]”转换为“LPWSTR”
D:\Github\CppFishingCode(jimchall)\CppFishingCode\frame\frame1.cpp(91,34): error C2664: “sprite *frame1::initAmt1(LPWSTR,int,int,int,float)”: 无法将参数 1 从“const wchar_t [23]”转换为“LPWSTR”
D:\Github\CppFishingCode(jimchall)\CppFishingCode\frame\frame1.cpp(92,34): error C2664: “sprite *frame1::initAmt1(LPWSTR,int,int,int,float)”: 无法将参数 1 从“const wchar_t [23]”转换为“LPWSTR”
D:\Github\CppFishingCode(jimchall)\CppFishingCode\frame\frame1.cpp(93,34): error C2664: “sprite *frame1::initAmt1(LPWSTR,int,int,int,float)”: 无法将参数 1 从“const wchar_t [23]”转换为“LPWSTR”
D:\Github\CppFishingCode(jimchall)\CppFishingCode\frame\frame1.cpp(94,34): error C2664: “sprite *frame1::initAmt1(LPWSTR,int,int,int,float)”: 无法将参数 1 从“const wchar_t [23]”转换为“LPWSTR”
D:\Github\CppFishingCode(jimchall)\CppFishingCode\frame\frame1.cpp(95,34): error C2664: “sprite *frame1::initAmt1(LPWSTR,int,int,int,float)”: 无法将参数 1 从“const wchar_t [23]”转换为“LPWSTR”
D:\Github\CppFishingCode(jimchall)\CppFishingCode\frame\frame1.cpp(97,40): error C2665: “sprite::sprite”: 没有重载函数可以转换所有参数类型
D:\Github\CppFishingCode(jimchall)\CppFishingCode\frame\frame1.cpp(98,40): error C2665: “sprite::sprite”: 没有重载函数可以转换所有参数类型
D:\Github\CppFishingCode(jimchall)\CppFishingCode\frame\frame1.cpp(99,40): error C2665: “sprite::sprite”: 没有重载函数可以转换所有参数类型
D:\Github\CppFishingCode(jimchall)\CppFishingCode\frame\frame1.cpp(100,40): error C2665: “sprite::sprite”: 没有重载函数可以转换所有参数类型
D:\Github\CppFishingCode(jimchall)\CppFishingCode\frame\frame1.cpp(101,40): error C2665: “sprite::sprite”: 没有重载函数可以转换所有参数类型
D:\Github\CppFishingCode(jimchall)\CppFishingCode\frame\frame1.cpp(102,40): error C2665: “sprite::sprite”: 没有重载函数可以转换所有参数类型
D:\Github\CppFishingCode(jimchall)\CppFishingCode\frame\frame1.cpp(103,40): error C2665: “sprite::sprite”: 没有重载函数可以转换所有参数类型
D:\Github\CppFishingCode(jimchall)\CppFishingCode\frame\frame1.cpp(105,41): error C2665: “sprite::sprite”: 没有重载函数可以转换所有参数类型
D:\Github\CppFishingCode(jimchall)\CppFishingCode\frame\frame1.cpp(106,41): error C2665: “sprite::sprite”: 没有重载函数可以转换所有参数类型
D:\Github\CppFishingCode(jimchall)\CppFishingCode\frame\frame1.cpp(107,41): error C2665: “sprite::sprite”: 没有重载函数可以转换所有参数类型
D:\Github\CppFishingCode(jimchall)\CppFishingCode\frame\frame1.cpp(108,41): error C2665: “sprite::sprite”: 没有重载函数可以转换所有参数类型
D:\Github\CppFishingCode(jimchall)\CppFishingCode\frame\frame1.cpp(109,41): error C2665: “sprite::sprite”: 没有重载函数可以转换所有参数类型
D:\Github\CppFishingCode(jimchall)\CppFishingCode\frame\frame1.cpp(110,41): error C2665: “sprite::sprite”: 没有重载函数可以转换所有参数类型
D:\Github\CppFishingCode(jimchall)\CppFishingCode\frame\frame1.cpp(111,41): error C2665: “sprite::sprite”: 没有重载函数可以转换所有参数类型
D:\Github\CppFishingCode(jimchall)\CppFishingCode\frame\frame1.cpp(114,10): error C2664: “fishConfig *frame1::initFishConfig(LPWSTR,int,int,int,int,int,int,int,int,int)”: 无法将参数 1 从“const wchar_t [19]”转换为“LPWSTR”
D:\Github\CppFishingCode(jimchall)\CppFishingCode\frame\frame1.cpp(115,10): error C2664: “fishConfig *frame1::initFishConfig(LPWSTR,int,int,int,int,int,int,int,int,int)”: 无法将参数 1 从“const wchar_t [19]”转换为“LPWSTR”
D:\Github\CppFishingCode(jimchall)\CppFishingCode\frame\frame1.cpp(116,10): error C2664: “fishConfig *frame1::initFishConfig(LPWSTR,int,int,int,int,int,int,int,int,int)”: 无法将参数 1 从“const wchar_t [19]”转换为“LPWSTR”
D:\Github\CppFishingCode(jimchall)\CppFishingCode\frame\frame1.cpp(117,10): error C2664: “fishConfig *frame1::initFishConfig(LPWSTR,int,int,int,int,int,int,int,int,int)”: 无法将参数 1 从“const wchar_t [19]”转换为“LPWSTR”
D:\Github\CppFishingCode(jimchall)\CppFishingCode\frame\frame1.cpp(118,10): error C2664: “fishConfig *frame1::initFishConfig(LPWSTR,int,int,int,int,int,int,int,int,int)”: 无法将参数 1 从“const wchar_t [19]”转换为“LPWSTR”
D:\Github\CppFishingCode(jimchall)\CppFishingCode\frame\frame1.cpp(119,10): error C2664: “fishConfig *frame1::initFishConfig(LPWSTR,int,int,int,int,int,int,int,int,int)”: 无法将参数 1 从“const wchar_t [19]”转换为“LPWSTR”
D:\Github\CppFishingCode(jimchall)\CppFishingCode\frame\frame1.cpp(120,10): error C2664: “fishConfig *frame1::initFishConfig(LPWSTR,int,int,int,int,int,int,int,int,int)”: 无法将参数 1 从“const wchar_t [19]”转换为“LPWSTR”
D:\Github\CppFishingCode(jimchall)\CppFishingCode\frame\frame1.cpp(121,10): error C2664: “fishConfig *frame1::initFishConfig(LPWSTR,int,int,int,int,int,int,int,int,int)”: 无法将参数 1 从“const wchar_t [19]”转换为“LPWSTR”
D:\Github\CppFishingCode(jimchall)\CppFishingCode\frame\frame1.cpp(122,10): error C2664: “fishConfig *frame1::initFishConfig(LPWSTR,int,int,int,int,int,int,int,int,int)”: 无法将参数 1 从“const wchar_t [20]”转换为“LPWSTR”
D:\Github\CppFishingCode(jimchall)\CppFishingCode\frame\frame1.cpp(123,10): error C2664: “fishConfig *frame1::initFishConfig(LPWSTR,int,int,int,int,int,int,int,int,int)”: 无法将参数 1 从“const wchar_t [19]”转换为“LPWSTR”
D:\Github\CppFishingCode(jimchall)\CppFishingCode\frame\frame1.cpp(124,10): error C2664: “fishConfig *frame1::initFishConfig(LPWSTR,int,int,int,int,int,int,int,int,int)”: 无法将参数 1 从“const wchar_t [20]”转换为“LPWSTR”
D:\Github\CppFishingCode(jimchall)\CppFishingCode\frame\frame1.cpp(125,10): error C2664: “fishConfig *frame1::initFishConfig(LPWSTR,int,int,int,int,int,int,int,int,int)”: 无法将参数 1 从“const wchar_t [20]”转换为“LPWSTR”
D:\Github\CppFishingCode(jimchall)\CppFishingCode\frame\frame1.cpp(126,10): error C2664: “fishConfig *frame1::initFishConfig(LPWSTR,int,int,int,int,int,int,int,int,int)”: 无法将参数 1 从“const wchar_t [20]”转换为“LPWSTR”
D:\Github\CppFishingCode(jimchall)\CppFishingCode\frame\frame1.cpp(127,10): error C2664: “fishConfig *frame1::initFishConfig(LPWSTR,int,int,int,int,int,int,int,int,int)”: 无法将参数 1 从“const wchar_t [20]”转换为“LPWSTR”
D:\Github\CppFishingCode(jimchall)\CppFishingCode\frame\frame1.cpp(151,54): warning C4244: “=”: 从“int”转换到“float”，可能丢失数据
D:\Github\CppFishingCode(jimchall)\CppFishingCode\frame\frame1.cpp(152,55): warning C4244: “=”: 从“int”转换到“float”，可能丢失数据
D:\Github\CppFishingCode(jimchall)\CppFishingCode\frame\frame1.cpp(158,26): error C2665: “sprite::sprite”: 没有重载函数可以转换所有参数类型
D:\Github\CppFishingCode(jimchall)\CppFishingCode\frame\frame1.cpp(167,34): error C2665: “sprite::sprite”: 没有重载函数可以转换所有参数类型
D:\Github\CppFishingCode(jimchall)\CppFishingCode\frame\frame1.cpp(189,26): error C2665: “sprite::sprite”: 没有重载函数可以转换所有参数类型
D:\Github\CppFishingCode(jimchall)\CppFishingCode\frame\frame1.cpp(190,29): error C2665: “sprite::sprite”: 没有重载函数可以转换所有参数类型
D:\Github\CppFishingCode(jimchall)\CppFishingCode\frame\frame1.cpp(191,34): error C2665: “sprite::sprite”: 没有重载函数可以转换所有参数类型
D:\Github\CppFishingCode(jimchall)\CppFishingCode\frame\frame1.cpp(221,20): warning C4244: “=”: 从“int”转换到“float”，可能丢失数据
D:\Github\CppFishingCode(jimchall)\CppFishingCode\frame\frame1.cpp(222,21): warning C4244: “=”: 从“int”转换到“float”，可能丢失数据
D:\Github\CppFishingCode(jimchall)\CppFishingCode\frame\frame1.cpp(234,13): warning C4244: “=”: 从“int”转换到“float”，可能丢失数据
D:\Github\CppFishingCode(jimchall)\CppFishingCode\frame\frame1.cpp(235,14): warning C4244: “=”: 从“int”转换到“float”，可能丢失数据
D:\Github\CppFishingCode(jimchall)\CppFishingCode\frame\frame1.cpp(248,10): warning C4267: “初始化”: 从“size_t”转换到“int”，可能丢失数据
D:\Github\CppFishingCode(jimchall)\CppFishingCode\frame\frame1.cpp(271,20): warning C4267: “初始化”: 从“size_t”转换到“unsigned int”，可能丢失数据
D:\Github\CppFishingCode(jimchall)\CppFishingCode\frame\frame1.cpp(352,47): error C2664: “ID2D1Bitmap *Content::getSoucre(WCHAR *)”: 无法将参数 1 从“const wchar_t [30]”转换为“WCHAR *”
D:\Github\CppFishingCode(jimchall)\CppFishingCode\frame\frame1.cpp(353,52): error C2664: “ID2D1Bitmap *Content::getSoucre(WCHAR *)”: 无法将参数 1 从“const wchar_t [31]”转换为“WCHAR *”
D:\Github\CppFishingCode(jimchall)\CppFishingCode\frame\frame1.cpp(396,47): error C2664: “ID2D1Bitmap *Content::getSoucre(WCHAR *)”: 无法将参数 1 从“const wchar_t [35]”转换为“WCHAR *”
D:\Github\CppFishingCode(jimchall)\CppFishingCode\frame\frame1.cpp(399,52): error C2664: “ID2D1Bitmap *Content::getSoucre(WCHAR *)”: 无法将参数 1 从“const wchar_t [36]”转换为“WCHAR *”
D:\Github\CppFishingCode(jimchall)\CppFishingCode\frame\frame1.cpp(414,3): warning C4838: 从“int”转换到“float”需要收缩转换
D:\Github\CppFishingCode(jimchall)\CppFishingCode\frame\frame1.cpp(414,3): warning C4244: “初始化”: 从“int”转换到“float”，可能丢失数据
D:\Github\CppFishingCode(jimchall)\CppFishingCode\frame\frame1.cpp(414,5): warning C4838: 从“int”转换到“float”需要收缩转换
D:\Github\CppFishingCode(jimchall)\CppFishingCode\frame\frame1.cpp(414,5): warning C4244: “初始化”: 从“int”转换到“float”，可能丢失数据
D:\Github\CppFishingCode(jimchall)\CppFishingCode\frame\frame1.cpp(422,37): warning C4244: “=”: 从“float”转换到“int”，可能丢失数据
  frame2.cpp
D:\Github\CppFishingCode(jimchall)\CppFishingCode\instance\utils.h(10,25): error C3878: 语法错误:“expression”后出现意外标记“s”
D:\Github\CppFishingCode(jimchall)\CppFishingCode\instance\utils.h(10,25): message : 已跳过错误恢复:“标识符 = 标识符  . . . (”
D:\Github\CppFishingCode(jimchall)\CppFishingCode\instance\utils.h(10,43): error C2760: 语法错误: 此处出现意外的“)”；应为“;”
D:\Github\CppFishingCode(jimchall)\CppFishingCode\instance\utils.h(10,43): error C3878: 语法错误:“expression_statement”后出现意外标记“)”
D:\Github\CppFishingCode(jimchall)\CppFishingCode\instance\utils.h(10,43): message : 已跳过错误恢复:“) ,”
D:\Github\CppFishingCode(jimchall)\CppFishingCode\instance\utils.h(10,3): error C7510: “iterator”: 类型 从属名称的使用必须以“typename”为前缀
D:\Github\CppFishingCode(jimchall)\CppFishingCode\instance\oMap.h(54,24): error C3878: 语法错误:“expression”后出现意外标记“s”
D:\Github\CppFishingCode(jimchall)\CppFishingCode\instance\oMap.h(54,24): message : 已跳过错误恢复:“标识符 = 标识符  . . . (”
D:\Github\CppFishingCode(jimchall)\CppFishingCode\instance\oMap.h(54,55): message : 正在分析此处的简历
D:\Github\CppFishingCode(jimchall)\CppFishingCode\instance\oMap.h(54,55): error C2760: 语法错误: 此处出现意外的“)”；应为“;”
D:\Github\CppFishingCode(jimchall)\CppFishingCode\instance\oMap.h(54,55): error C3878: 语法错误:“expression_statement”后出现意外标记“)”
D:\Github\CppFishingCode(jimchall)\CppFishingCode\instance\oMap.h(54,55): message : 已跳过错误恢复:“) ,”
D:\Github\CppFishingCode(jimchall)\CppFishingCode\instance\oMap.h(54,2): error C7510: “iterator”: 类型 从属名称的使用必须以“typename”为前缀
D:\Github\CppFishingCode(jimchall)\CppFishingCode\render\sprite.h(3,14): warning C4091: “extern ”: 没有声明变量时忽略“DemoApp”的左侧
D:\Github\CppFishingCode(jimchall)\CppFishingCode\frame\frame2.cpp(9,20): warning C4305: “初始化”: 从“double”到“float”截断
D:\Github\CppFishingCode(jimchall)\CppFishingCode\frame\frame2.cpp(31,26): error C2665: “sprite::sprite”: 没有重载函数可以转换所有参数类型
D:\Github\CppFishingCode(jimchall)\CppFishingCode\frame\frame2.cpp(32,17): warning C4244: “=”: 从“int”转换到“float”，可能丢失数据
D:\Github\CppFishingCode(jimchall)\CppFishingCode\frame\frame2.cpp(33,18): warning C4244: “=”: 从“int”转换到“float”，可能丢失数据
D:\Github\CppFishingCode(jimchall)\CppFishingCode\frame\frame2.cpp(40,36): error C2665: “sprite::sprite”: 没有重载函数可以转换所有参数类型
D:\Github\CppFishingCode(jimchall)\CppFishingCode\frame\frame2.cpp(41,36): error C2665: “sprite::sprite”: 没有重载函数可以转换所有参数类型
D:\Github\CppFishingCode(jimchall)\CppFishingCode\frame\frame2.cpp(42,36): error C2665: “sprite::sprite”: 没有重载函数可以转换所有参数类型
D:\Github\CppFishingCode(jimchall)\CppFishingCode\frame\frame2.cpp(43,36): error C2665: “sprite::sprite”: 没有重载函数可以转换所有参数类型
D:\Github\CppFishingCode(jimchall)\CppFishingCode\frame\frame2.cpp(44,36): error C2665: “sprite::sprite”: 没有重载函数可以转换所有参数类型
D:\Github\CppFishingCode(jimchall)\CppFishingCode\frame\frame2.cpp(45,36): error C2665: “sprite::sprite”: 没有重载函数可以转换所有参数类型
D:\Github\CppFishingCode(jimchall)\CppFishingCode\frame\frame2.cpp(58,29): warning C4244: “=”: 从“int”转换到“float”，可能丢失数据
D:\Github\CppFishingCode(jimchall)\CppFishingCode\frame\frame2.cpp(59,30): warning C4244: “=”: 从“int”转换到“float”，可能丢失数据
D:\Github\CppFishingCode(jimchall)\CppFishingCode\frame\frame2.cpp(78,19): warning C4267: “初始化”: 从“size_t”转换到“unsigned int”，可能丢失数据
  gold.cpp
D:\Github\CppFishingCode(jimchall)\CppFishingCode\instance\utils.h(10,25): error C3878: 语法错误:“expression”后出现意外标记“s”
D:\Github\CppFishingCode(jimchall)\CppFishingCode\instance\utils.h(10,25): message : 已跳过错误恢复:“标识符 = 标识符  . . . (”
D:\Github\CppFishingCode(jimchall)\CppFishingCode\instance\utils.h(10,43): error C2760: 语法错误: 此处出现意外的“)”；应为“;”
D:\Github\CppFishingCode(jimchall)\CppFishingCode\instance\utils.h(10,43): error C3878: 语法错误:“expression_statement”后出现意外标记“)”
D:\Github\CppFishingCode(jimchall)\CppFishingCode\instance\utils.h(10,43): message : 已跳过错误恢复:“) ,”
D:\Github\CppFishingCode(jimchall)\CppFishingCode\instance\utils.h(10,3): error C7510: “iterator”: 类型 从属名称的使用必须以“typename”为前缀
D:\Github\CppFishingCode(jimchall)\CppFishingCode\instance\oMap.h(54,24): error C3878: 语法错误:“expression”后出现意外标记“s”
D:\Github\CppFishingCode(jimchall)\CppFishingCode\instance\oMap.h(54,24): message : 已跳过错误恢复:“标识符 = 标识符  . . . (”
D:\Github\CppFishingCode(jimchall)\CppFishingCode\instance\oMap.h(54,55): message : 正在分析此处的简历
D:\Github\CppFishingCode(jimchall)\CppFishingCode\instance\oMap.h(54,55): error C2760: 语法错误: 此处出现意外的“)”；应为“;”
D:\Github\CppFishingCode(jimchall)\CppFishingCode\instance\oMap.h(54,55): error C3878: 语法错误:“expression_statement”后出现意外标记“)”
D:\Github\CppFishingCode(jimchall)\CppFishingCode\instance\oMap.h(54,55): message : 已跳过错误恢复:“) ,”
D:\Github\CppFishingCode(jimchall)\CppFishingCode\instance\oMap.h(54,2): error C7510: “iterator”: 类型 从属名称的使用必须以“typename”为前缀
D:\Github\CppFishingCode(jimchall)\CppFishingCode\render\sprite.h(3,14): warning C4091: “extern ”: 没有声明变量时忽略“DemoApp”的左侧
D:\Github\CppFishingCode(jimchall)\CppFishingCode\frame\gold.cpp(68,14): warning C4305: “+=”: 从“double”到“float”截断
  collision.cpp
D:\Github\CppFishingCode(jimchall)\CppFishingCode\instance\utils.h(10,25): error C3878: 语法错误:“expression”后出现意外标记“s”
D:\Github\CppFishingCode(jimchall)\CppFishingCode\instance\utils.h(10,25): message : 已跳过错误恢复:“标识符 = 标识符  . . . (”
D:\Github\CppFishingCode(jimchall)\CppFishingCode\instance\utils.h(10,43): error C2760: 语法错误: 此处出现意外的“)”；应为“;”
D:\Github\CppFishingCode(jimchall)\CppFishingCode\instance\utils.h(10,43): error C3878: 语法错误:“expression_statement”后出现意外标记“)”
D:\Github\CppFishingCode(jimchall)\CppFishingCode\instance\utils.h(10,43): message : 已跳过错误恢复:“) ,”
D:\Github\CppFishingCode(jimchall)\CppFishingCode\instance\utils.h(10,3): error C7510: “iterator”: 类型 从属名称的使用必须以“typename”为前缀
D:\Github\CppFishingCode(jimchall)\CppFishingCode\instance\oMap.h(54,24): error C3878: 语法错误:“expression”后出现意外标记“s”
D:\Github\CppFishingCode(jimchall)\CppFishingCode\instance\oMap.h(54,24): message : 已跳过错误恢复:“标识符 = 标识符  . . . (”
D:\Github\CppFishingCode(jimchall)\CppFishingCode\instance\oMap.h(54,55): message : 正在分析此处的简历
D:\Github\CppFishingCode(jimchall)\CppFishingCode\instance\oMap.h(54,55): error C2760: 语法错误: 此处出现意外的“)”；应为“;”
D:\Github\CppFishingCode(jimchall)\CppFishingCode\instance\oMap.h(54,55): error C3878: 语法错误:“expression_statement”后出现意外标记“)”
D:\Github\CppFishingCode(jimchall)\CppFishingCode\instance\oMap.h(54,55): message : 已跳过错误恢复:“) ,”
D:\Github\CppFishingCode(jimchall)\CppFishingCode\instance\oMap.h(54,2): error C7510: “iterator”: 类型 从属名称的使用必须以“typename”为前缀
D:\Github\CppFishingCode(jimchall)\CppFishingCode\render\sprite.h(3,14): warning C4091: “extern ”: 没有声明变量时忽略“DemoApp”的左侧
D:\Github\CppFishingCode(jimchall)\CppFishingCode\instance\collision.h(3,14): warning C4091: “extern ”: 没有声明变量时忽略“sprite”的左侧
D:\Github\CppFishingCode(jimchall)\CppFishingCode\instance\collision.h(27,18): error C4596: “getPoint1Arr”: 成员声明中的非法限定名
D:\Github\CppFishingCode(jimchall)\CppFishingCode\instance\collision.h(4,14): warning C4091: “extern ”: 没有声明变量时忽略“collision”的左侧
D:\Github\CppFishingCode(jimchall)\CppFishingCode\instance\collision.cpp(31,69): warning C4244: “return”: 从“double”转换到“float”，可能丢失数据
D:\Github\CppFishingCode(jimchall)\CppFishingCode\instance\collision.cpp(34,78): warning C4244: “return”: 从“double”转换到“float”，可能丢失数据
D:\Github\CppFishingCode(jimchall)\CppFishingCode\instance\collision.cpp(37,78): warning C4244: “return”: 从“double”转换到“float”，可能丢失数据
D:\Github\CppFishingCode(jimchall)\CppFishingCode\instance\collision.cpp(40,78): warning C4244: “return”: 从“double”转换到“float”，可能丢失数据
D:\Github\CppFishingCode(jimchall)\CppFishingCode\instance\collision.cpp(70,64): warning C4244: “=”: 从“double”转换到“float”，可能丢失数据
D:\Github\CppFishingCode(jimchall)\CppFishingCode\instance\collision.cpp(73,71): warning C4244: “=”: 从“double”转换到“float”，可能丢失数据
D:\Github\CppFishingCode(jimchall)\CppFishingCode\instance\collision.cpp(76,71): warning C4244: “=”: 从“double”转换到“float”，可能丢失数据
D:\Github\CppFishingCode(jimchall)\CppFishingCode\instance\collision.cpp(79,71): warning C4244: “=”: 从“double”转换到“float”，可能丢失数据
D:\Github\CppFishingCode(jimchall)\CppFishingCode\instance\collision.cpp(87,140): warning C4244: “=”: 从“double”转换到“float”，可能丢失数据
D:\Github\CppFishingCode(jimchall)\CppFishingCode\instance\collision.cpp(88,140): warning C4244: “=”: 从“double”转换到“float”，可能丢失数据
D:\Github\CppFishingCode(jimchall)\CppFishingCode\instance\collision.cpp(108,14): warning C4244: “初始化”: 从“int”转换到“float”，可能丢失数据
D:\Github\CppFishingCode(jimchall)\CppFishingCode\instance\collision.cpp(111,18): warning C4244: “=”: 从“double”转换到“float”，可能丢失数据
D:\Github\CppFishingCode(jimchall)\CppFishingCode\instance\collision.cpp(112,18): warning C4244: “=”: 从“double”转换到“float”，可能丢失数据
D:\Github\CppFishingCode(jimchall)\CppFishingCode\instance\collision.cpp(114,18): warning C4244: “=”: 从“double”转换到“float”，可能丢失数据
D:\Github\CppFishingCode(jimchall)\CppFishingCode\instance\collision.cpp(115,18): warning C4244: “=”: 从“double”转换到“float”，可能丢失数据
D:\Github\CppFishingCode(jimchall)\CppFishingCode\instance\collision.cpp(117,18): warning C4244: “=”: 从“double”转换到“float”，可能丢失数据
D:\Github\CppFishingCode(jimchall)\CppFishingCode\instance\collision.cpp(118,18): warning C4244: “=”: 从“double”转换到“float”，可能丢失数据
D:\Github\CppFishingCode(jimchall)\CppFishingCode\instance\collision.cpp(120,18): warning C4244: “=”: 从“double”转换到“float”，可能丢失数据
D:\Github\CppFishingCode(jimchall)\CppFishingCode\instance\collision.cpp(121,18): warning C4244: “=”: 从“double”转换到“float”，可能丢失数据
D:\Github\CppFishingCode(jimchall)\CppFishingCode\instance\collision.cpp(144,76): warning C4244: “参数”: 从“float”转换到“int”，可能丢失数据
D:\Github\CppFishingCode(jimchall)\CppFishingCode\instance\collision.cpp(145,82): warning C4244: “参数”: 从“float”转换到“int”，可能丢失数据
D:\Github\CppFishingCode(jimchall)\CppFishingCode\instance\collision.cpp(146,82): warning C4244: “参数”: 从“float”转换到“int”，可能丢失数据
D:\Github\CppFishingCode(jimchall)\CppFishingCode\instance\collision.cpp(239,70): warning C4244: “参数”: 从“float”转换到“int”，可能丢失数据
D:\Github\CppFishingCode(jimchall)\CppFishingCode\instance\collision.cpp(239,54): warning C4244: “参数”: 从“float”转换到“int”，可能丢失数据
  colVec.cpp
D:\Github\CppFishingCode(jimchall)\CppFishingCode\instance\utils.h(10,25): error C3878: 语法错误:“expression”后出现意外标记“s”
D:\Github\CppFishingCode(jimchall)\CppFishingCode\instance\utils.h(10,25): message : 已跳过错误恢复:“标识符 = 标识符  . . . (”
D:\Github\CppFishingCode(jimchall)\CppFishingCode\instance\utils.h(10,43): error C2760: 语法错误: 此处出现意外的“)”；应为“;”
D:\Github\CppFishingCode(jimchall)\CppFishingCode\instance\utils.h(10,43): error C3878: 语法错误:“expression_statement”后出现意外标记“)”
D:\Github\CppFishingCode(jimchall)\CppFishingCode\instance\utils.h(10,43): message : 已跳过错误恢复:“) ,”
D:\Github\CppFishingCode(jimchall)\CppFishingCode\instance\utils.h(10,3): error C7510: “iterator”: 类型 从属名称的使用必须以“typename”为前缀
D:\Github\CppFishingCode(jimchall)\CppFishingCode\instance\oMap.h(54,24): error C3878: 语法错误:“expression”后出现意外标记“s”
D:\Github\CppFishingCode(jimchall)\CppFishingCode\instance\oMap.h(54,24): message : 已跳过错误恢复:“标识符 = 标识符  . . . (”
D:\Github\CppFishingCode(jimchall)\CppFishingCode\instance\oMap.h(54,55): message : 正在分析此处的简历
D:\Github\CppFishingCode(jimchall)\CppFishingCode\instance\oMap.h(54,55): error C2760: 语法错误: 此处出现意外的“)”；应为“;”
D:\Github\CppFishingCode(jimchall)\CppFishingCode\instance\oMap.h(54,55): error C3878: 语法错误:“expression_statement”后出现意外标记“)”
D:\Github\CppFishingCode(jimchall)\CppFishingCode\instance\oMap.h(54,55): message : 已跳过错误恢复:“) ,”
D:\Github\CppFishingCode(jimchall)\CppFishingCode\instance\oMap.h(54,2): error C7510: “iterator”: 类型 从属名称的使用必须以“typename”为前缀
D:\Github\CppFishingCode(jimchall)\CppFishingCode\render\sprite.h(3,14): warning C4091: “extern ”: 没有声明变量时忽略“DemoApp”的左侧
D:\Github\CppFishingCode(jimchall)\CppFishingCode\instance\colVec.cpp(57,12): warning C4244: “初始化”: 从“double”转换到“float”，可能丢失数据
D:\Github\CppFishingCode(jimchall)\CppFishingCode\instance\colVec.cpp(70,34): warning C4244: “参数”: 从“int”转换到“float”，可能丢失数据
D:\Github\CppFishingCode(jimchall)\CppFishingCode\instance\colVec.cpp(71,57): warning C4244: “参数”: 从“int”转换到“float”，可能丢失数据
D:\Github\CppFishingCode(jimchall)\CppFishingCode\instance\colVec.cpp(73,40): warning C4244: “参数”: 从“int”转换到“float”，可能丢失数据
D:\Github\CppFishingCode(jimchall)\CppFishingCode\instance\colVec.cpp(81,12): warning C4244: “初始化”: 从“double”转换到“float”，可能丢失数据
D:\Github\CppFishingCode(jimchall)\CppFishingCode\instance\colVec.cpp(94,46): warning C4244: “参数”: 从“int”转换到“float”，可能丢失数据
D:\Github\CppFishingCode(jimchall)\CppFishingCode\instance\colVec.cpp(95,68): warning C4244: “参数”: 从“int”转换到“float”，可能丢失数据
D:\Github\CppFishingCode(jimchall)\CppFishingCode\instance\colVec.cpp(96,51): warning C4244: “参数”: 从“int”转换到“float”，可能丢失数据
D:\Github\CppFishingCode(jimchall)\CppFishingCode\instance\colVec.cpp(104,19): warning C4267: “初始化”: 从“size_t”转换到“unsigned int”，可能丢失数据
D:\Github\CppFishingCode(jimchall)\CppFishingCode\instance\colVec.cpp(106,20): warning C4267: “初始化”: 从“size_t”转换到“unsigned int”，可能丢失数据
D:\Github\CppFishingCode(jimchall)\CppFishingCode\instance\colVec.cpp(120,12): warning C4244: “=”: 从“double”转换到“float”，可能丢失数据
D:\Github\CppFishingCode(jimchall)\CppFishingCode\instance\colVec.cpp(126,12): warning C4244: “初始化”: 从“double”转换到“float”，可能丢失数据
D:\Github\CppFishingCode(jimchall)\CppFishingCode\instance\colVec.cpp(131,19): warning C4267: “初始化”: 从“size_t”转换到“unsigned int”，可能丢失数据
D:\Github\CppFishingCode(jimchall)\CppFishingCode\instance\colVec.cpp(141,19): warning C4267: “初始化”: 从“size_t”转换到“unsigned int”，可能丢失数据
D:\Github\CppFishingCode(jimchall)\CppFishingCode\instance\colVec.cpp(142,20): warning C4267: “初始化”: 从“size_t”转换到“unsigned int”，可能丢失数据
D:\Github\CppFishingCode(jimchall)\CppFishingCode\instance\colVec.cpp(187,69): warning C4244: “return”: 从“double”转换到“float”，可能丢失数据
D:\Github\CppFishingCode(jimchall)\CppFishingCode\instance\colVec.cpp(190,78): warning C4244: “return”: 从“double”转换到“float”，可能丢失数据
D:\Github\CppFishingCode(jimchall)\CppFishingCode\instance\colVec.cpp(193,78): warning C4244: “return”: 从“double”转换到“float”，可能丢失数据
D:\Github\CppFishingCode(jimchall)\CppFishingCode\instance\colVec.cpp(196,78): warning C4244: “return”: 从“double”转换到“float”，可能丢失数据
  d2dWin32.cpp
D:\Github\CppFishingCode(jimchall)\CppFishingCode\instance\utils.h(10,25): error C3878: 语法错误:“expression”后出现意外标记“s”
D:\Github\CppFishingCode(jimchall)\CppFishingCode\instance\utils.h(10,25): message : 已跳过错误恢复:“标识符 = 标识符  . . . (”
D:\Github\CppFishingCode(jimchall)\CppFishingCode\instance\utils.h(10,43): error C2760: 语法错误: 此处出现意外的“)”；应为“;”
D:\Github\CppFishingCode(jimchall)\CppFishingCode\instance\utils.h(10,43): error C3878: 语法错误:“expression_statement”后出现意外标记“)”
D:\Github\CppFishingCode(jimchall)\CppFishingCode\instance\utils.h(10,43): message : 已跳过错误恢复:“) ,”
D:\Github\CppFishingCode(jimchall)\CppFishingCode\instance\utils.h(10,3): error C7510: “iterator”: 类型 从属名称的使用必须以“typename”为前缀
D:\Github\CppFishingCode(jimchall)\CppFishingCode\instance\oMap.h(54,24): error C3878: 语法错误:“expression”后出现意外标记“s”
D:\Github\CppFishingCode(jimchall)\CppFishingCode\instance\oMap.h(54,24): message : 已跳过错误恢复:“标识符 = 标识符  . . . (”
D:\Github\CppFishingCode(jimchall)\CppFishingCode\instance\oMap.h(54,55): message : 正在分析此处的简历
D:\Github\CppFishingCode(jimchall)\CppFishingCode\instance\oMap.h(54,55): error C2760: 语法错误: 此处出现意外的“)”；应为“;”
D:\Github\CppFishingCode(jimchall)\CppFishingCode\instance\oMap.h(54,55): error C3878: 语法错误:“expression_statement”后出现意外标记“)”
D:\Github\CppFishingCode(jimchall)\CppFishingCode\instance\oMap.h(54,55): message : 已跳过错误恢复:“) ,”
D:\Github\CppFishingCode(jimchall)\CppFishingCode\instance\oMap.h(54,2): error C7510: “iterator”: 类型 从属名称的使用必须以“typename”为前缀
D:\Github\CppFishingCode(jimchall)\CppFishingCode\render\sprite.h(3,14): warning C4091: “extern ”: 没有声明变量时忽略“DemoApp”的左侧
  DemoApp.cpp
D:\Github\CppFishingCode(jimchall)\CppFishingCode\instance\utils.h(10,25): error C3878: 语法错误:“expression”后出现意外标记“s”
D:\Github\CppFishingCode(jimchall)\CppFishingCode\instance\utils.h(10,25): message : 已跳过错误恢复:“标识符 = 标识符  . . . (”
D:\Github\CppFishingCode(jimchall)\CppFishingCode\instance\utils.h(10,43): error C2760: 语法错误: 此处出现意外的“)”；应为“;”
D:\Github\CppFishingCode(jimchall)\CppFishingCode\instance\utils.h(10,43): error C3878: 语法错误:“expression_statement”后出现意外标记“)”
D:\Github\CppFishingCode(jimchall)\CppFishingCode\instance\utils.h(10,43): message : 已跳过错误恢复:“) ,”
D:\Github\CppFishingCode(jimchall)\CppFishingCode\instance\utils.h(10,3): error C7510: “iterator”: 类型 从属名称的使用必须以“typename”为前缀
D:\Github\CppFishingCode(jimchall)\CppFishingCode\instance\oMap.h(54,24): error C3878: 语法错误:“expression”后出现意外标记“s”
D:\Github\CppFishingCode(jimchall)\CppFishingCode\instance\oMap.h(54,24): message : 已跳过错误恢复:“标识符 = 标识符  . . . (”
D:\Github\CppFishingCode(jimchall)\CppFishingCode\instance\oMap.h(54,55): message : 正在分析此处的简历
D:\Github\CppFishingCode(jimchall)\CppFishingCode\instance\oMap.h(54,55): error C2760: 语法错误: 此处出现意外的“)”；应为“;”
D:\Github\CppFishingCode(jimchall)\CppFishingCode\instance\oMap.h(54,55): error C3878: 语法错误:“expression_statement”后出现意外标记“)”
D:\Github\CppFishingCode(jimchall)\CppFishingCode\instance\oMap.h(54,55): message : 已跳过错误恢复:“) ,”
D:\Github\CppFishingCode(jimchall)\CppFishingCode\instance\oMap.h(54,2): error C7510: “iterator”: 类型 从属名称的使用必须以“typename”为前缀
D:\Github\CppFishingCode(jimchall)\CppFishingCode\render\sprite.h(3,14): warning C4091: “extern ”: 没有声明变量时忽略“DemoApp”的左侧
D:\Github\CppFishingCode(jimchall)\CppFishingCode\trigger\createBefore.h(2,15): warning C4091: “extern ”: 没有声明变量时忽略“DemoApp”的左侧
D:\Github\CppFishingCode(jimchall)\CppFishingCode\instance\DemoApp.cpp(202,29): warning C4244: “参数”: 从“WPARAM”转换到“int”，可能丢失数据
D:\Github\CppFishingCode(jimchall)\CppFishingCode\instance\DemoApp.cpp(207,31): warning C4244: “参数”: 从“WPARAM”转换到“int”，可能丢失数据
D:\Github\CppFishingCode(jimchall)\CppFishingCode\instance\DemoApp.cpp(280,9): warning C4244: “return”: 从“LRESULT”转换到“HRESULT”，可能丢失数据
  oMap.cpp
D:\Github\CppFishingCode(jimchall)\CppFishingCode\instance\utils.h(10,25): error C3878: 语法错误:“expression”后出现意外标记“s”
D:\Github\CppFishingCode(jimchall)\CppFishingCode\instance\utils.h(10,25): message : 已跳过错误恢复:“标识符 = 标识符  . . . (”
D:\Github\CppFishingCode(jimchall)\CppFishingCode\instance\utils.h(10,43): error C2760: 语法错误: 此处出现意外的“)”；应为“;”
D:\Github\CppFishingCode(jimchall)\CppFishingCode\instance\utils.h(10,43): error C3878: 语法错误:“expression_statement”后出现意外标记“)”
D:\Github\CppFishingCode(jimchall)\CppFishingCode\instance\utils.h(10,43): message : 已跳过错误恢复:“) ,”
D:\Github\CppFishingCode(jimchall)\CppFishingCode\instance\utils.h(10,3): error C7510: “iterator”: 类型 从属名称的使用必须以“typename”为前缀
D:\Github\CppFishingCode(jimchall)\CppFishingCode\instance\oMap.h(54,24): error C3878: 语法错误:“expression”后出现意外标记“s”
D:\Github\CppFishingCode(jimchall)\CppFishingCode\instance\oMap.h(54,24): message : 已跳过错误恢复:“标识符 = 标识符  . . . (”
D:\Github\CppFishingCode(jimchall)\CppFishingCode\instance\oMap.h(54,55): message : 正在分析此处的简历
D:\Github\CppFishingCode(jimchall)\CppFishingCode\instance\oMap.h(54,55): error C2760: 语法错误: 此处出现意外的“)”；应为“;”
D:\Github\CppFishingCode(jimchall)\CppFishingCode\instance\oMap.h(54,55): error C3878: 语法错误:“expression_statement”后出现意外标记“)”
D:\Github\CppFishingCode(jimchall)\CppFishingCode\instance\oMap.h(54,55): message : 已跳过错误恢复:“) ,”
D:\Github\CppFishingCode(jimchall)\CppFishingCode\instance\oMap.h(54,2): error C7510: “iterator”: 类型 从属名称的使用必须以“typename”为前缀
D:\Github\CppFishingCode(jimchall)\CppFishingCode\render\sprite.h(3,14): warning C4091: “extern ”: 没有声明变量时忽略“DemoApp”的左侧
  stdafx.cpp
D:\Github\CppFishingCode(jimchall)\CppFishingCode\instance\utils.h(10,25): error C3878: 语法错误:“expression”后出现意外标记“s”
D:\Github\CppFishingCode(jimchall)\CppFishingCode\instance\utils.h(10,25): message : 已跳过错误恢复:“标识符 = 标识符  . . . (”
D:\Github\CppFishingCode(jimchall)\CppFishingCode\instance\utils.h(10,43): error C2760: 语法错误: 此处出现意外的“)”；应为“;”
D:\Github\CppFishingCode(jimchall)\CppFishingCode\instance\utils.h(10,43): error C3878: 语法错误:“expression_statement”后出现意外标记“)”
D:\Github\CppFishingCode(jimchall)\CppFishingCode\instance\utils.h(10,43): message : 已跳过错误恢复:“) ,”
D:\Github\CppFishingCode(jimchall)\CppFishingCode\instance\utils.h(10,3): error C7510: “iterator”: 类型 从属名称的使用必须以“typename”为前缀
D:\Github\CppFishingCode(jimchall)\CppFishingCode\instance\oMap.h(54,24): error C3878: 语法错误:“expression”后出现意外标记“s”
D:\Github\CppFishingCode(jimchall)\CppFishingCode\instance\oMap.h(54,24): message : 已跳过错误恢复:“标识符 = 标识符  . . . (”
D:\Github\CppFishingCode(jimchall)\CppFishingCode\instance\oMap.h(54,55): message : 正在分析此处的简历
D:\Github\CppFishingCode(jimchall)\CppFishingCode\instance\oMap.h(54,55): error C2760: 语法错误: 此处出现意外的“)”；应为“;”
D:\Github\CppFishingCode(jimchall)\CppFishingCode\instance\oMap.h(54,55): error C3878: 语法错误:“expression_statement”后出现意外标记“)”
D:\Github\CppFishingCode(jimchall)\CppFishingCode\instance\oMap.h(54,55): message : 已跳过错误恢复:“) ,”
D:\Github\CppFishingCode(jimchall)\CppFishingCode\instance\oMap.h(54,2): error C7510: “iterator”: 类型 从属名称的使用必须以“typename”为前缀
D:\Github\CppFishingCode(jimchall)\CppFishingCode\render\sprite.h(3,14): warning C4091: “extern ”: 没有声明变量时忽略“DemoApp”的左侧
D:\Github\CppFishingCode(jimchall)\CppFishingCode\instance\stdafx.cpp(11,56): warning C4267: “参数”: 从“size_t”转换到“int”，可能丢失数据
D:\Github\CppFishingCode(jimchall)\CppFishingCode\instance\stdafx.cpp(13,46): warning C4267: “参数”: 从“size_t”转换到“int”，可能丢失数据
D:\Github\CppFishingCode(jimchall)\CppFishingCode\instance\stdafx.cpp(21,18): warning C4244: “参数”: 从“time_t”转换到“unsigned int”，可能丢失数据
  utils.cpp
D:\Github\CppFishingCode(jimchall)\CppFishingCode\instance\utils.h(10,25): error C3878: 语法错误:“expression”后出现意外标记“s”
D:\Github\CppFishingCode(jimchall)\CppFishingCode\instance\utils.h(10,25): message : 已跳过错误恢复:“标识符 = 标识符  . . . (”
D:\Github\CppFishingCode(jimchall)\CppFishingCode\instance\utils.h(10,43): error C2760: 语法错误: 此处出现意外的“)”；应为“;”
D:\Github\CppFishingCode(jimchall)\CppFishingCode\instance\utils.h(10,43): error C3878: 语法错误:“expression_statement”后出现意外标记“)”
D:\Github\CppFishingCode(jimchall)\CppFishingCode\instance\utils.h(10,43): message : 已跳过错误恢复:“) ,”
D:\Github\CppFishingCode(jimchall)\CppFishingCode\instance\utils.h(10,3): error C7510: “iterator”: 类型 从属名称的使用必须以“typename”为前缀
D:\Github\CppFishingCode(jimchall)\CppFishingCode\instance\oMap.h(54,24): error C3878: 语法错误:“expression”后出现意外标记“s”
D:\Github\CppFishingCode(jimchall)\CppFishingCode\instance\oMap.h(54,24): message : 已跳过错误恢复:“标识符 = 标识符  . . . (”
D:\Github\CppFishingCode(jimchall)\CppFishingCode\instance\oMap.h(54,55): message : 正在分析此处的简历
D:\Github\CppFishingCode(jimchall)\CppFishingCode\instance\oMap.h(54,55): error C2760: 语法错误: 此处出现意外的“)”；应为“;”
D:\Github\CppFishingCode(jimchall)\CppFishingCode\instance\oMap.h(54,55): error C3878: 语法错误:“expression_statement”后出现意外标记“)”
D:\Github\CppFishingCode(jimchall)\CppFishingCode\instance\oMap.h(54,55): message : 已跳过错误恢复:“) ,”
D:\Github\CppFishingCode(jimchall)\CppFishingCode\instance\oMap.h(54,2): error C7510: “iterator”: 类型 从属名称的使用必须以“typename”为前缀
D:\Github\CppFishingCode(jimchall)\CppFishingCode\render\sprite.h(3,14): warning C4091: “extern ”: 没有声明变量时忽略“DemoApp”的左侧
  action.cpp
D:\Github\CppFishingCode(jimchall)\CppFishingCode\instance\utils.h(10,25): error C3878: 语法错误:“expression”后出现意外标记“s”
D:\Github\CppFishingCode(jimchall)\CppFishingCode\instance\utils.h(10,25): message : 已跳过错误恢复:“标识符 = 标识符  . . . (”
D:\Github\CppFishingCode(jimchall)\CppFishingCode\instance\utils.h(10,43): error C2760: 语法错误: 此处出现意外的“)”；应为“;”
D:\Github\CppFishingCode(jimchall)\CppFishingCode\instance\utils.h(10,43): error C3878: 语法错误:“expression_statement”后出现意外标记“)”
D:\Github\CppFishingCode(jimchall)\CppFishingCode\instance\utils.h(10,43): message : 已跳过错误恢复:“) ,”
D:\Github\CppFishingCode(jimchall)\CppFishingCode\instance\utils.h(10,3): error C7510: “iterator”: 类型 从属名称的使用必须以“typename”为前缀
D:\Github\CppFishingCode(jimchall)\CppFishingCode\instance\oMap.h(54,24): error C3878: 语法错误:“expression”后出现意外标记“s”
D:\Github\CppFishingCode(jimchall)\CppFishingCode\instance\oMap.h(54,24): message : 已跳过错误恢复:“标识符 = 标识符  . . . (”
D:\Github\CppFishingCode(jimchall)\CppFishingCode\instance\oMap.h(54,55): message : 正在分析此处的简历
D:\Github\CppFishingCode(jimchall)\CppFishingCode\instance\oMap.h(54,55): error C2760: 语法错误: 此处出现意外的“)”；应为“;”
D:\Github\CppFishingCode(jimchall)\CppFishingCode\instance\oMap.h(54,55): error C3878: 语法错误:“expression_statement”后出现意外标记“)”
D:\Github\CppFishingCode(jimchall)\CppFishingCode\instance\oMap.h(54,55): message : 已跳过错误恢复:“) ,”
D:\Github\CppFishingCode(jimchall)\CppFishingCode\instance\oMap.h(54,2): error C7510: “iterator”: 类型 从属名称的使用必须以“typename”为前缀
D:\Github\CppFishingCode(jimchall)\CppFishingCode\render\sprite.h(3,14): warning C4091: “extern ”: 没有声明变量时忽略“DemoApp”的左侧
D:\Github\CppFishingCode(jimchall)\CppFishingCode\render\action.cpp(21,19): warning C4267: “初始化”: 从“size_t”转换到“unsigned int”，可能丢失数据
D:\Github\CppFishingCode(jimchall)\CppFishingCode\render\action.cpp(31,19): warning C4267: “初始化”: 从“size_t”转换到“unsigned int”，可能丢失数据
  animateSprite.cpp
D:\Github\CppFishingCode(jimchall)\CppFishingCode\instance\utils.h(10,25): error C3878: 语法错误:“expression”后出现意外标记“s”
D:\Github\CppFishingCode(jimchall)\CppFishingCode\instance\utils.h(10,25): message : 已跳过错误恢复:“标识符 = 标识符  . . . (”
D:\Github\CppFishingCode(jimchall)\CppFishingCode\instance\utils.h(10,43): error C2760: 语法错误: 此处出现意外的“)”；应为“;”
D:\Github\CppFishingCode(jimchall)\CppFishingCode\instance\utils.h(10,43): error C3878: 语法错误:“expression_statement”后出现意外标记“)”
D:\Github\CppFishingCode(jimchall)\CppFishingCode\instance\utils.h(10,43): message : 已跳过错误恢复:“) ,”
D:\Github\CppFishingCode(jimchall)\CppFishingCode\instance\utils.h(10,3): error C7510: “iterator”: 类型 从属名称的使用必须以“typename”为前缀
D:\Github\CppFishingCode(jimchall)\CppFishingCode\instance\oMap.h(54,24): error C3878: 语法错误:“expression”后出现意外标记“s”
D:\Github\CppFishingCode(jimchall)\CppFishingCode\instance\oMap.h(54,24): message : 已跳过错误恢复:“标识符 = 标识符  . . . (”
D:\Github\CppFishingCode(jimchall)\CppFishingCode\instance\oMap.h(54,55): message : 正在分析此处的简历
D:\Github\CppFishingCode(jimchall)\CppFishingCode\instance\oMap.h(54,55): error C2760: 语法错误: 此处出现意外的“)”；应为“;”
D:\Github\CppFishingCode(jimchall)\CppFishingCode\instance\oMap.h(54,55): error C3878: 语法错误:“expression_statement”后出现意外标记“)”
D:\Github\CppFishingCode(jimchall)\CppFishingCode\instance\oMap.h(54,55): message : 已跳过错误恢复:“) ,”
D:\Github\CppFishingCode(jimchall)\CppFishingCode\instance\oMap.h(54,2): error C7510: “iterator”: 类型 从属名称的使用必须以“typename”为前缀
D:\Github\CppFishingCode(jimchall)\CppFishingCode\render\sprite.h(3,14): warning C4091: “extern ”: 没有声明变量时忽略“DemoApp”的左侧
  Content.cpp
D:\Github\CppFishingCode(jimchall)\CppFishingCode\instance\utils.h(10,25): error C3878: 语法错误:“expression”后出现意外标记“s”
D:\Github\CppFishingCode(jimchall)\CppFishingCode\instance\utils.h(10,25): message : 已跳过错误恢复:“标识符 = 标识符  . . . (”
D:\Github\CppFishingCode(jimchall)\CppFishingCode\instance\utils.h(10,43): error C2760: 语法错误: 此处出现意外的“)”；应为“;”
D:\Github\CppFishingCode(jimchall)\CppFishingCode\instance\utils.h(10,43): error C3878: 语法错误:“expression_statement”后出现意外标记“)”
D:\Github\CppFishingCode(jimchall)\CppFishingCode\instance\utils.h(10,43): message : 已跳过错误恢复:“) ,”
D:\Github\CppFishingCode(jimchall)\CppFishingCode\instance\utils.h(10,3): error C7510: “iterator”: 类型 从属名称的使用必须以“typename”为前缀
D:\Github\CppFishingCode(jimchall)\CppFishingCode\instance\oMap.h(54,24): error C3878: 语法错误:“expression”后出现意外标记“s”
D:\Github\CppFishingCode(jimchall)\CppFishingCode\instance\oMap.h(54,24): message : 已跳过错误恢复:“标识符 = 标识符  . . . (”
D:\Github\CppFishingCode(jimchall)\CppFishingCode\instance\oMap.h(54,55): message : 正在分析此处的简历
D:\Github\CppFishingCode(jimchall)\CppFishingCode\instance\oMap.h(54,55): error C2760: 语法错误: 此处出现意外的“)”；应为“;”
D:\Github\CppFishingCode(jimchall)\CppFishingCode\instance\oMap.h(54,55): error C3878: 语法错误:“expression_statement”后出现意外标记“)”
D:\Github\CppFishingCode(jimchall)\CppFishingCode\instance\oMap.h(54,55): message : 已跳过错误恢复:“) ,”
D:\Github\CppFishingCode(jimchall)\CppFishingCode\instance\oMap.h(54,2): error C7510: “iterator”: 类型 从属名称的使用必须以“typename”为前缀
D:\Github\CppFishingCode(jimchall)\CppFishingCode\render\sprite.h(3,14): warning C4091: “extern ”: 没有声明变量时忽略“DemoApp”的左侧
D:\Github\CppFishingCode(jimchall)\CppFishingCode\render\Content.cpp(85,60): warning C4244: “参数”: 从“int”转换到“FLOAT”，可能丢失数据
D:\Github\CppFishingCode(jimchall)\CppFishingCode\render\Content.cpp(121,21): warning C4244: “参数”: 从“int”转换到“FLOAT”，可能丢失数据
D:\Github\CppFishingCode(jimchall)\CppFishingCode\render\Content.cpp(121,18): warning C4244: “参数”: 从“int”转换到“FLOAT”，可能丢失数据
D:\Github\CppFishingCode(jimchall)\CppFishingCode\render\Content.cpp(132,42): warning C4244: “参数”: 从“int”转换到“FLOAT”，可能丢失数据
D:\Github\CppFishingCode(jimchall)\CppFishingCode\render\Content.cpp(132,39): warning C4244: “参数”: 从“int”转换到“FLOAT”，可能丢失数据
D:\Github\CppFishingCode(jimchall)\CppFishingCode\render\Content.cpp(143,19): warning C4244: “参数”: 从“int”转换到“FLOAT”，可能丢失数据
D:\Github\CppFishingCode(jimchall)\CppFishingCode\render\Content.cpp(143,17): warning C4244: “参数”: 从“int”转换到“FLOAT”，可能丢失数据
D:\Github\CppFishingCode(jimchall)\CppFishingCode\render\Content.cpp(144,22): warning C4244: “参数”: 从“int”转换到“FLOAT”，可能丢失数据
D:\Github\CppFishingCode(jimchall)\CppFishingCode\render\Content.cpp(144,15): warning C4244: “参数”: 从“int”转换到“FLOAT”，可能丢失数据
D:\Github\CppFishingCode(jimchall)\CppFishingCode\render\Content.cpp(145,3): warning C4244: “参数”: 从“int”转换到“FLOAT”，可能丢失数据
D:\Github\CppFishingCode(jimchall)\CppFishingCode\render\Content.cpp(160,57): warning C4244: “参数”: 从“int”转换到“FLOAT”，可能丢失数据
D:\Github\CppFishingCode(jimchall)\CppFishingCode\render\Content.cpp(160,49): warning C4244: “参数”: 从“int”转换到“FLOAT”，可能丢失数据
D:\Github\CppFishingCode(jimchall)\CppFishingCode\render\Content.cpp(160,46): warning C4244: “参数”: 从“int”转换到“FLOAT”，可能丢失数据
D:\Github\CppFishingCode(jimchall)\CppFishingCode\render\Content.cpp(160,44): warning C4244: “参数”: 从“int”转换到“FLOAT”，可能丢失数据
D:\Github\CppFishingCode(jimchall)\CppFishingCode\render\Content.cpp(174,20): warning C4244: “参数”: 从“int”转换到“FLOAT”，可能丢失数据
D:\Github\CppFishingCode(jimchall)\CppFishingCode\render\Content.cpp(174,17): warning C4244: “参数”: 从“int”转换到“FLOAT”，可能丢失数据
D:\Github\CppFishingCode(jimchall)\CppFishingCode\render\Content.cpp(176,3): warning C4244: “参数”: 从“int”转换到“FLOAT”，可能丢失数据
D:\Github\CppFishingCode(jimchall)\CppFishingCode\render\Content.cpp(175,3): warning C4244: “参数”: 从“int”转换到“FLOAT”，可能丢失数据
D:\Github\CppFishingCode(jimchall)\CppFishingCode\render\Content.cpp(183,57): warning C4244: “参数”: 从“int”转换到“FLOAT”，可能丢失数据
D:\Github\CppFishingCode(jimchall)\CppFishingCode\render\Content.cpp(189,20): warning C4244: “参数”: 从“int”转换到“FLOAT”，可能丢失数据
D:\Github\CppFishingCode(jimchall)\CppFishingCode\render\Content.cpp(189,17): warning C4244: “参数”: 从“int”转换到“FLOAT”，可能丢失数据
D:\Github\CppFishingCode(jimchall)\CppFishingCode\render\Content.cpp(191,3): warning C4244: “参数”: 从“int”转换到“FLOAT”，可能丢失数据
D:\Github\CppFishingCode(jimchall)\CppFishingCode\render\Content.cpp(190,3): warning C4244: “参数”: 从“int”转换到“FLOAT”，可能丢失数据
D:\Github\CppFishingCode(jimchall)\CppFishingCode\render\Content.cpp(205,20): warning C4244: “参数”: 从“int”转换到“FLOAT”，可能丢失数据
D:\Github\CppFishingCode(jimchall)\CppFishingCode\render\Content.cpp(205,17): warning C4244: “参数”: 从“int”转换到“FLOAT”，可能丢失数据
D:\Github\CppFishingCode(jimchall)\CppFishingCode\render\Content.cpp(204,3): warning C4244: “参数”: 从“int”转换到“FLOAT”，可能丢失数据
D:\Github\CppFishingCode(jimchall)\CppFishingCode\render\Content.cpp(214,4): warning C4838: 从“int”转换到“FLOAT”需要收缩转换
D:\Github\CppFishingCode(jimchall)\CppFishingCode\render\Content.cpp(214,4): warning C4244: “初始化”: 从“int”转换到“FLOAT”，可能丢失数据
D:\Github\CppFishingCode(jimchall)\CppFishingCode\render\Content.cpp(215,4): warning C4838: 从“int”转换到“FLOAT”需要收缩转换
D:\Github\CppFishingCode(jimchall)\CppFishingCode\render\Content.cpp(215,4): warning C4244: “初始化”: 从“int”转换到“FLOAT”，可能丢失数据
D:\Github\CppFishingCode(jimchall)\CppFishingCode\render\Content.cpp(219,20): warning C4244: “参数”: 从“int”转换到“FLOAT”，可能丢失数据
D:\Github\CppFishingCode(jimchall)\CppFishingCode\render\Content.cpp(219,17): warning C4244: “参数”: 从“int”转换到“FLOAT”，可能丢失数据
D:\Github\CppFishingCode(jimchall)\CppFishingCode\render\Content.cpp(224,53): warning C4244: “参数”: 从“int”转换到“FLOAT”，可能丢失数据
D:\Github\CppFishingCode(jimchall)\CppFishingCode\render\Content.cpp(224,45): warning C4244: “参数”: 从“int”转换到“FLOAT”，可能丢失数据
D:\Github\CppFishingCode(jimchall)\CppFishingCode\render\Content.cpp(234,3): warning C4838: 从“int”转换到“FLOAT”需要收缩转换
D:\Github\CppFishingCode(jimchall)\CppFishingCode\render\Content.cpp(234,3): warning C4244: “初始化”: 从“int”转换到“FLOAT”，可能丢失数据
D:\Github\CppFishingCode(jimchall)\CppFishingCode\render\Content.cpp(235,3): warning C4838: 从“int”转换到“FLOAT”需要收缩转换
D:\Github\CppFishingCode(jimchall)\CppFishingCode\render\Content.cpp(235,3): warning C4244: “初始化”: 从“int”转换到“FLOAT”，可能丢失数据
D:\Github\CppFishingCode(jimchall)\CppFishingCode\render\Content.cpp(252,48): warning C4267: “参数”: 从“size_t”转换到“UINT32”，可能丢失数据
D:\Github\CppFishingCode(jimchall)\CppFishingCode\render\Content.cpp(257,47): warning C4244: “参数”: 从“double”转换到“FLOAT”，可能丢失数据
D:\Github\CppFishingCode(jimchall)\CppFishingCode\render\Content.cpp(303,22): warning C4838: 从“int”转换到“FLOAT”需要收缩转换
D:\Github\CppFishingCode(jimchall)\CppFishingCode\render\Content.cpp(303,22): warning C4244: “初始化”: 从“int”转换到“FLOAT”，可能丢失数据
D:\Github\CppFishingCode(jimchall)\CppFishingCode\render\Content.cpp(303,24): warning C4838: 从“int”转换到“FLOAT”需要收缩转换
D:\Github\CppFishingCode(jimchall)\CppFishingCode\render\Content.cpp(303,24): warning C4244: “初始化”: 从“int”转换到“FLOAT”，可能丢失数据
D:\Github\CppFishingCode(jimchall)\CppFishingCode\render\Content.cpp(318,3): warning C4244: “参数”: 从“int”转换到“FLOAT”，可能丢失数据
D:\Github\CppFishingCode(jimchall)\CppFishingCode\render\Content.cpp(322,63): warning C4244: “参数”: 从“int”转换到“FLOAT”，可能丢失数据
D:\Github\CppFishingCode(jimchall)\CppFishingCode\render\Content.cpp(322,52): warning C4244: “参数”: 从“int”转换到“FLOAT”，可能丢失数据
D:\Github\CppFishingCode(jimchall)\CppFishingCode\render\Content.cpp(322,47): warning C4244: “参数”: 从“int”转换到“FLOAT”，可能丢失数据
D:\Github\CppFishingCode(jimchall)\CppFishingCode\render\Content.cpp(322,44): warning C4244: “参数”: 从“int”转换到“FLOAT”，可能丢失数据
D:\Github\CppFishingCode(jimchall)\CppFishingCode\render\Content.cpp(326,22): warning C4838: 从“int”转换到“FLOAT”需要收缩转换
D:\Github\CppFishingCode(jimchall)\CppFishingCode\render\Content.cpp(326,22): warning C4244: “初始化”: 从“int”转换到“FLOAT”，可能丢失数据
D:\Github\CppFishingCode(jimchall)\CppFishingCode\render\Content.cpp(326,24): warning C4838: 从“int”转换到“FLOAT”需要收缩转换
D:\Github\CppFishingCode(jimchall)\CppFishingCode\render\Content.cpp(326,24): warning C4244: “初始化”: 从“int”转换到“FLOAT”，可能丢失数据
D:\Github\CppFishingCode(jimchall)\CppFishingCode\render\Content.cpp(331,22): warning C4838: 从“int”转换到“FLOAT”需要收缩转换
D:\Github\CppFishingCode(jimchall)\CppFishingCode\render\Content.cpp(331,22): warning C4244: “初始化”: 从“int”转换到“FLOAT”，可能丢失数据
D:\Github\CppFishingCode(jimchall)\CppFishingCode\render\Content.cpp(331,24): warning C4838: 从“int”转换到“FLOAT”需要收缩转换
D:\Github\CppFishingCode(jimchall)\CppFishingCode\render\Content.cpp(331,24): warning C4244: “初始化”: 从“int”转换到“FLOAT”，可能丢失数据
D:\Github\CppFishingCode(jimchall)\CppFishingCode\render\Content.cpp(331,28): warning C4838: 从“int”转换到“FLOAT”需要收缩转换
D:\Github\CppFishingCode(jimchall)\CppFishingCode\render\Content.cpp(331,28): warning C4244: “初始化”: 从“int”转换到“FLOAT”，可能丢失数据
D:\Github\CppFishingCode(jimchall)\CppFishingCode\render\Content.cpp(331,38): warning C4838: 从“int”转换到“FLOAT”需要收缩转换
D:\Github\CppFishingCode(jimchall)\CppFishingCode\render\Content.cpp(331,38): warning C4244: “初始化”: 从“int”转换到“FLOAT”，可能丢失数据
D:\Github\CppFishingCode(jimchall)\CppFishingCode\render\Content.cpp(336,22): warning C4838: 从“int”转换到“FLOAT”需要收缩转换
D:\Github\CppFishingCode(jimchall)\CppFishingCode\render\Content.cpp(336,22): warning C4244: “初始化”: 从“int”转换到“FLOAT”，可能丢失数据
D:\Github\CppFishingCode(jimchall)\CppFishingCode\render\Content.cpp(336,24): warning C4838: 从“int”转换到“FLOAT”需要收缩转换
D:\Github\CppFishingCode(jimchall)\CppFishingCode\render\Content.cpp(336,24): warning C4244: “初始化”: 从“int”转换到“FLOAT”，可能丢失数据
D:\Github\CppFishingCode(jimchall)\CppFishingCode\render\Content.cpp(336,28): warning C4838: 从“int”转换到“FLOAT”需要收缩转换
D:\Github\CppFishingCode(jimchall)\CppFishingCode\render\Content.cpp(336,28): warning C4244: “初始化”: 从“int”转换到“FLOAT”，可能丢失数据
D:\Github\CppFishingCode(jimchall)\CppFishingCode\render\Content.cpp(336,38): warning C4838: 从“int”转换到“FLOAT”需要收缩转换
D:\Github\CppFishingCode(jimchall)\CppFishingCode\render\Content.cpp(336,38): warning C4244: “初始化”: 从“int”转换到“FLOAT”，可能丢失数据
D:\Github\CppFishingCode(jimchall)\CppFishingCode\render\Content.cpp(341,22): warning C4838: 从“int”转换到“FLOAT”需要收缩转换
D:\Github\CppFishingCode(jimchall)\CppFishingCode\render\Content.cpp(341,22): warning C4244: “初始化”: 从“int”转换到“FLOAT”，可能丢失数据
D:\Github\CppFishingCode(jimchall)\CppFishingCode\render\Content.cpp(341,24): warning C4838: 从“int”转换到“FLOAT”需要收缩转换
D:\Github\CppFishingCode(jimchall)\CppFishingCode\render\Content.cpp(341,24): warning C4244: “初始化”: 从“int”转换到“FLOAT”，可能丢失数据
D:\Github\CppFishingCode(jimchall)\CppFishingCode\render\Content.cpp(341,28): warning C4838: 从“int”转换到“FLOAT”需要收缩转换
D:\Github\CppFishingCode(jimchall)\CppFishingCode\render\Content.cpp(341,28): warning C4244: “初始化”: 从“int”转换到“FLOAT”，可能丢失数据
D:\Github\CppFishingCode(jimchall)\CppFishingCode\render\Content.cpp(341,38): warning C4838: 从“int”转换到“FLOAT”需要收缩转换
D:\Github\CppFishingCode(jimchall)\CppFishingCode\render\Content.cpp(341,38): warning C4244: “初始化”: 从“int”转换到“FLOAT”，可能丢失数据
D:\Github\CppFishingCode(jimchall)\CppFishingCode\render\Content.cpp(342,24): warning C4838: 从“int”转换到“FLOAT”需要收缩转换
D:\Github\CppFishingCode(jimchall)\CppFishingCode\render\Content.cpp(342,24): warning C4244: “初始化”: 从“int”转换到“FLOAT”，可能丢失数据
D:\Github\CppFishingCode(jimchall)\CppFishingCode\render\Content.cpp(342,29): warning C4838: 从“int”转换到“FLOAT”需要收缩转换
D:\Github\CppFishingCode(jimchall)\CppFishingCode\render\Content.cpp(342,29): warning C4244: “初始化”: 从“int”转换到“FLOAT”，可能丢失数据
D:\Github\CppFishingCode(jimchall)\CppFishingCode\render\Content.cpp(342,39): warning C4838: 从“int”转换到“FLOAT”需要收缩转换
D:\Github\CppFishingCode(jimchall)\CppFishingCode\render\Content.cpp(342,39): warning C4244: “初始化”: 从“int”转换到“FLOAT”，可能丢失数据
D:\Github\CppFishingCode(jimchall)\CppFishingCode\render\Content.cpp(342,55): warning C4838: 从“int”转换到“FLOAT”需要收缩转换
D:\Github\CppFishingCode(jimchall)\CppFishingCode\render\Content.cpp(342,55): warning C4244: “初始化”: 从“int”转换到“FLOAT”，可能丢失数据
D:\Github\CppFishingCode(jimchall)\CppFishingCode\render\Content.cpp(346,22): warning C4838: 从“int”转换到“FLOAT”需要收缩转换
D:\Github\CppFishingCode(jimchall)\CppFishingCode\render\Content.cpp(346,22): warning C4244: “初始化”: 从“int”转换到“FLOAT”，可能丢失数据
D:\Github\CppFishingCode(jimchall)\CppFishingCode\render\Content.cpp(346,24): warning C4838: 从“int”转换到“FLOAT”需要收缩转换
D:\Github\CppFishingCode(jimchall)\CppFishingCode\render\Content.cpp(346,24): warning C4244: “初始化”: 从“int”转换到“FLOAT”，可能丢失数据
D:\Github\CppFishingCode(jimchall)\CppFishingCode\render\Content.cpp(346,28): warning C4838: 从“int”转换到“FLOAT”需要收缩转换
D:\Github\CppFishingCode(jimchall)\CppFishingCode\render\Content.cpp(346,28): warning C4244: “初始化”: 从“int”转换到“FLOAT”，可能丢失数据
D:\Github\CppFishingCode(jimchall)\CppFishingCode\render\Content.cpp(346,38): warning C4838: 从“int”转换到“FLOAT”需要收缩转换
D:\Github\CppFishingCode(jimchall)\CppFishingCode\render\Content.cpp(346,38): warning C4244: “初始化”: 从“int”转换到“FLOAT”，可能丢失数据
D:\Github\CppFishingCode(jimchall)\CppFishingCode\render\Content.cpp(347,24): warning C4838: 从“int”转换到“FLOAT”需要收缩转换
D:\Github\CppFishingCode(jimchall)\CppFishingCode\render\Content.cpp(347,24): warning C4244: “初始化”: 从“int”转换到“FLOAT”，可能丢失数据
D:\Github\CppFishingCode(jimchall)\CppFishingCode\render\Content.cpp(347,29): warning C4838: 从“int”转换到“FLOAT”需要收缩转换
D:\Github\CppFishingCode(jimchall)\CppFishingCode\render\Content.cpp(347,29): warning C4244: “初始化”: 从“int”转换到“FLOAT”，可能丢失数据
D:\Github\CppFishingCode(jimchall)\CppFishingCode\render\Content.cpp(347,39): warning C4838: 从“int”转换到“FLOAT”需要收缩转换
D:\Github\CppFishingCode(jimchall)\CppFishingCode\render\Content.cpp(347,39): warning C4244: “初始化”: 从“int”转换到“FLOAT”，可能丢失数据
D:\Github\CppFishingCode(jimchall)\CppFishingCode\render\Content.cpp(347,55): warning C4838: 从“int”转换到“FLOAT”需要收缩转换
D:\Github\CppFishingCode(jimchall)\CppFishingCode\render\Content.cpp(347,55): warning C4244: “初始化”: 从“int”转换到“FLOAT”，可能丢失数据
D:\Github\CppFishingCode(jimchall)\CppFishingCode\render\Content.cpp(351,22): warning C4838: 从“int”转换到“FLOAT”需要收缩转换
D:\Github\CppFishingCode(jimchall)\CppFishingCode\render\Content.cpp(351,22): warning C4244: “初始化”: 从“int”转换到“FLOAT”，可能丢失数据
D:\Github\CppFishingCode(jimchall)\CppFishingCode\render\Content.cpp(351,24): warning C4838: 从“int”转换到“FLOAT”需要收缩转换
D:\Github\CppFishingCode(jimchall)\CppFishingCode\render\Content.cpp(351,24): warning C4244: “初始化”: 从“int”转换到“FLOAT”，可能丢失数据
D:\Github\CppFishingCode(jimchall)\CppFishingCode\render\Content.cpp(351,28): warning C4838: 从“int”转换到“FLOAT”需要收缩转换
D:\Github\CppFishingCode(jimchall)\CppFishingCode\render\Content.cpp(351,28): warning C4244: “初始化”: 从“int”转换到“FLOAT”，可能丢失数据
D:\Github\CppFishingCode(jimchall)\CppFishingCode\render\Content.cpp(351,38): warning C4838: 从“int”转换到“FLOAT”需要收缩转换
D:\Github\CppFishingCode(jimchall)\CppFishingCode\render\Content.cpp(351,38): warning C4244: “初始化”: 从“int”转换到“FLOAT”，可能丢失数据
D:\Github\CppFishingCode(jimchall)\CppFishingCode\render\Content.cpp(352,29): warning C4838: 从“int”转换到“FLOAT”需要收缩转换
D:\Github\CppFishingCode(jimchall)\CppFishingCode\render\Content.cpp(352,29): warning C4244: “初始化”: 从“int”转换到“FLOAT”，可能丢失数据
D:\Github\CppFishingCode(jimchall)\CppFishingCode\render\Content.cpp(352,38): warning C4838: 从“int”转换到“FLOAT”需要收缩转换
D:\Github\CppFishingCode(jimchall)\CppFishingCode\render\Content.cpp(352,38): warning C4244: “初始化”: 从“int”转换到“FLOAT”，可能丢失数据
D:\Github\CppFishingCode(jimchall)\CppFishingCode\render\Content.cpp(352,50): warning C4838: 从“int”转换到“FLOAT”需要收缩转换
D:\Github\CppFishingCode(jimchall)\CppFishingCode\render\Content.cpp(352,50): warning C4244: “初始化”: 从“int”转换到“FLOAT”，可能丢失数据
D:\Github\CppFishingCode(jimchall)\CppFishingCode\render\Content.cpp(352,72): warning C4838: 从“int”转换到“FLOAT”需要收缩转换
D:\Github\CppFishingCode(jimchall)\CppFishingCode\render\Content.cpp(352,72): warning C4244: “初始化”: 从“int”转换到“FLOAT”，可能丢失数据
D:\Github\CppFishingCode(jimchall)\CppFishingCode\render\Content.cpp(369,8): warning C4244: “参数”: 从“int”转换到“FLOAT”，可能丢失数据
D:\Github\CppFishingCode(jimchall)\CppFishingCode\render\Content.cpp(377,8): warning C4244: “参数”: 从“int”转换到“FLOAT”，可能丢失数据
D:\Github\CppFishingCode(jimchall)\CppFishingCode\render\Content.cpp(383,53): warning C4244: “参数”: 从“int”转换到“FLOAT”，可能丢失数据
D:\Github\CppFishingCode(jimchall)\CppFishingCode\render\Content.cpp(383,46): warning C4244: “参数”: 从“int”转换到“FLOAT”，可能丢失数据
D:\Github\CppFishingCode(jimchall)\CppFishingCode\render\Content.cpp(383,42): warning C4244: “参数”: 从“int”转换到“FLOAT”，可能丢失数据
D:\Github\CppFishingCode(jimchall)\CppFishingCode\render\Content.cpp(383,39): warning C4244: “参数”: 从“int”转换到“FLOAT”，可能丢失数据
D:\Github\CppFishingCode(jimchall)\CppFishingCode\render\Content.cpp(384,37): warning C4267: “参数”: 从“size_t”转换到“UINT32”，可能丢失数据
D:\Github\CppFishingCode(jimchall)\CppFishingCode\render\Content.cpp(387,56): warning C4244: “参数”: 从“int”转换到“FLOAT”，可能丢失数据
D:\Github\CppFishingCode(jimchall)\CppFishingCode\render\Content.cpp(387,47): warning C4244: “参数”: 从“int”转换到“FLOAT”，可能丢失数据
D:\Github\CppFishingCode(jimchall)\CppFishingCode\render\Content.cpp(387,42): warning C4244: “参数”: 从“int”转换到“FLOAT”，可能丢失数据
D:\Github\CppFishingCode(jimchall)\CppFishingCode\render\Content.cpp(387,39): warning C4244: “参数”: 从“int”转换到“FLOAT”，可能丢失数据
D:\Github\CppFishingCode(jimchall)\CppFishingCode\render\Content.cpp(389,36): warning C4267: “参数”: 从“size_t”转换到“UINT32”，可能丢失数据
D:\Github\CppFishingCode(jimchall)\CppFishingCode\render\Content.cpp(392,54): warning C4244: “参数”: 从“int”转换到“FLOAT”，可能丢失数据
D:\Github\CppFishingCode(jimchall)\CppFishingCode\render\Content.cpp(392,47): warning C4244: “参数”: 从“int”转换到“FLOAT”，可能丢失数据
D:\Github\CppFishingCode(jimchall)\CppFishingCode\render\Content.cpp(392,42): warning C4244: “参数”: 从“int”转换到“FLOAT”，可能丢失数据
D:\Github\CppFishingCode(jimchall)\CppFishingCode\render\Content.cpp(392,39): warning C4244: “参数”: 从“int”转换到“FLOAT”，可能丢失数据
D:\Github\CppFishingCode(jimchall)\CppFishingCode\render\Content.cpp(393,38): warning C4267: “参数”: 从“size_t”转换到“UINT32”，可能丢失数据
D:\Github\CppFishingCode(jimchall)\CppFishingCode\render\Content.cpp(396,54): warning C4244: “参数”: 从“int”转换到“FLOAT”，可能丢失数据
D:\Github\CppFishingCode(jimchall)\CppFishingCode\render\Content.cpp(396,47): warning C4244: “参数”: 从“int”转换到“FLOAT”，可能丢失数据
D:\Github\CppFishingCode(jimchall)\CppFishingCode\render\Content.cpp(396,42): warning C4244: “参数”: 从“int”转换到“FLOAT”，可能丢失数据
D:\Github\CppFishingCode(jimchall)\CppFishingCode\render\Content.cpp(396,39): warning C4244: “参数”: 从“int”转换到“FLOAT”，可能丢失数据
D:\Github\CppFishingCode(jimchall)\CppFishingCode\render\Content.cpp(398,36): warning C4267: “参数”: 从“size_t”转换到“UINT32”，可能丢失数据
  DisplayObject.cpp
D:\Github\CppFishingCode(jimchall)\CppFishingCode\instance\utils.h(10,25): error C3878: 语法错误:“expression”后出现意外标记“s”
D:\Github\CppFishingCode(jimchall)\CppFishingCode\instance\utils.h(10,25): message : 已跳过错误恢复:“标识符 = 标识符  . . . (”
D:\Github\CppFishingCode(jimchall)\CppFishingCode\instance\utils.h(10,43): error C2760: 语法错误: 此处出现意外的“)”；应为“;”
D:\Github\CppFishingCode(jimchall)\CppFishingCode\instance\utils.h(10,43): error C3878: 语法错误:“expression_statement”后出现意外标记“)”
D:\Github\CppFishingCode(jimchall)\CppFishingCode\instance\utils.h(10,43): message : 已跳过错误恢复:“) ,”
D:\Github\CppFishingCode(jimchall)\CppFishingCode\instance\utils.h(10,3): error C7510: “iterator”: 类型 从属名称的使用必须以“typename”为前缀
D:\Github\CppFishingCode(jimchall)\CppFishingCode\instance\oMap.h(54,24): error C3878: 语法错误:“expression”后出现意外标记“s”
D:\Github\CppFishingCode(jimchall)\CppFishingCode\instance\oMap.h(54,24): message : 已跳过错误恢复:“标识符 = 标识符  . . . (”
D:\Github\CppFishingCode(jimchall)\CppFishingCode\instance\oMap.h(54,55): message : 正在分析此处的简历
D:\Github\CppFishingCode(jimchall)\CppFishingCode\instance\oMap.h(54,55): error C2760: 语法错误: 此处出现意外的“)”；应为“;”
D:\Github\CppFishingCode(jimchall)\CppFishingCode\instance\oMap.h(54,55): error C3878: 语法错误:“expression_statement”后出现意外标记“)”
D:\Github\CppFishingCode(jimchall)\CppFishingCode\instance\oMap.h(54,55): message : 已跳过错误恢复:“) ,”
D:\Github\CppFishingCode(jimchall)\CppFishingCode\instance\oMap.h(54,2): error C7510: “iterator”: 类型 从属名称的使用必须以“typename”为前缀
D:\Github\CppFishingCode(jimchall)\CppFishingCode\render\sprite.h(3,14): warning C4091: “extern ”: 没有声明变量时忽略“DemoApp”的左侧
D:\Github\CppFishingCode(jimchall)\CppFishingCode\render\DisplayObject.cpp(37,28): warning C4267: “return”: 从“size_t”转换到“int”，可能丢失数据
D:\Github\CppFishingCode(jimchall)\CppFishingCode\render\DisplayObject.cpp(77,12): warning C4244: “=”: 从“int”转换到“float”，可能丢失数据
D:\Github\CppFishingCode(jimchall)\CppFishingCode\render\DisplayObject.cpp(83,12): warning C4244: “=”: 从“int”转换到“float”，可能丢失数据
D:\Github\CppFishingCode(jimchall)\CppFishingCode\render\DisplayObject.cpp(93,30): warning C4267: “return”: 从“size_t”转换到“int”，可能丢失数据
  sprite.cpp
D:\Github\CppFishingCode(jimchall)\CppFishingCode\instance\utils.h(10,25): error C3878: 语法错误:“expression”后出现意外标记“s”
D:\Github\CppFishingCode(jimchall)\CppFishingCode\instance\utils.h(10,25): message : 已跳过错误恢复:“标识符 = 标识符  . . . (”
D:\Github\CppFishingCode(jimchall)\CppFishingCode\instance\utils.h(10,43): error C2760: 语法错误: 此处出现意外的“)”；应为“;”
D:\Github\CppFishingCode(jimchall)\CppFishingCode\instance\utils.h(10,43): error C3878: 语法错误:“expression_statement”后出现意外标记“)”
D:\Github\CppFishingCode(jimchall)\CppFishingCode\instance\utils.h(10,43): message : 已跳过错误恢复:“) ,”
D:\Github\CppFishingCode(jimchall)\CppFishingCode\instance\utils.h(10,3): error C7510: “iterator”: 类型 从属名称的使用必须以“typename”为前缀
D:\Github\CppFishingCode(jimchall)\CppFishingCode\instance\oMap.h(54,24): error C3878: 语法错误:“expression”后出现意外标记“s”
D:\Github\CppFishingCode(jimchall)\CppFishingCode\instance\oMap.h(54,24): message : 已跳过错误恢复:“标识符 = 标识符  . . . (”
D:\Github\CppFishingCode(jimchall)\CppFishingCode\instance\oMap.h(54,55): message : 正在分析此处的简历
D:\Github\CppFishingCode(jimchall)\CppFishingCode\instance\oMap.h(54,55): error C2760: 语法错误: 此处出现意外的“)”；应为“;”
D:\Github\CppFishingCode(jimchall)\CppFishingCode\instance\oMap.h(54,55): error C3878: 语法错误:“expression_statement”后出现意外标记“)”
D:\Github\CppFishingCode(jimchall)\CppFishingCode\instance\oMap.h(54,55): message : 已跳过错误恢复:“) ,”
D:\Github\CppFishingCode(jimchall)\CppFishingCode\instance\oMap.h(54,2): error C7510: “iterator”: 类型 从属名称的使用必须以“typename”为前缀
D:\Github\CppFishingCode(jimchall)\CppFishingCode\render\sprite.h(3,14): warning C4091: “extern ”: 没有声明变量时忽略“DemoApp”的左侧
D:\Github\CppFishingCode(jimchall)\CppFishingCode\render\sprite.cpp(4,12): warning C4244: “=”: 从“int”转换到“float”，可能丢失数据
D:\Github\CppFishingCode(jimchall)\CppFishingCode\render\sprite.cpp(5,12): warning C4244: “=”: 从“int”转换到“float”，可能丢失数据
D:\Github\CppFishingCode(jimchall)\CppFishingCode\render\sprite.cpp(13,42): warning C4244: “=”: 从“int”转换到“float”，可能丢失数据
D:\Github\CppFishingCode(jimchall)\CppFishingCode\render\sprite.cpp(16,17): warning C4244: “=”: 从“int”转换到“float”，可能丢失数据
D:\Github\CppFishingCode(jimchall)\CppFishingCode\render\sprite.cpp(19,43): warning C4244: “=”: 从“int”转换到“float”，可能丢失数据
D:\Github\CppFishingCode(jimchall)\CppFishingCode\render\sprite.cpp(22,18): warning C4244: “=”: 从“int”转换到“float”，可能丢失数据
D:\Github\CppFishingCode(jimchall)\CppFishingCode\render\sprite.cpp(29,42): warning C4244: “=”: 从“int”转换到“float”，可能丢失数据
D:\Github\CppFishingCode(jimchall)\CppFishingCode\render\sprite.cpp(32,17): warning C4244: “=”: 从“int”转换到“float”，可能丢失数据
D:\Github\CppFishingCode(jimchall)\CppFishingCode\render\sprite.cpp(35,43): warning C4244: “=”: 从“int”转换到“float”，可能丢失数据
D:\Github\CppFishingCode(jimchall)\CppFishingCode\render\sprite.cpp(38,18): warning C4244: “=”: 从“int”转换到“float”，可能丢失数据
D:\Github\CppFishingCode(jimchall)\CppFishingCode\render\sprite.cpp(63,20): warning C4267: “初始化”: 从“size_t”转换到“unsigned int”，可能丢失数据
D:\Github\CppFishingCode(jimchall)\CppFishingCode\render\sprite.cpp(101,89): warning C4244: “参数”: 从“float”转换到“int”，可能丢失数据
D:\Github\CppFishingCode(jimchall)\CppFishingCode\render\sprite.cpp(101,46): warning C4244: “参数”: 从“float”转换到“int”，可能丢失数据
D:\Github\CppFishingCode(jimchall)\CppFishingCode\render\sprite.cpp(106,103): warning C4244: “参数”: 从“float”转换到“int”，可能丢失数据
D:\Github\CppFishingCode(jimchall)\CppFishingCode\render\sprite.cpp(106,78): warning C4244: “参数”: 从“float”转换到“int”，可能丢失数据
D:\Github\CppFishingCode(jimchall)\CppFishingCode\render\sprite.cpp(106,62): warning C4244: “参数”: 从“float”转换到“int”，可能丢失数据
D:\Github\CppFishingCode(jimchall)\CppFishingCode\render\sprite.cpp(106,47): warning C4244: “参数”: 从“float”转换到“int”，可能丢失数据
D:\Github\CppFishingCode(jimchall)\CppFishingCode\render\sprite.cpp(109,104): warning C4244: “参数”: 从“float”转换到“int”，可能丢失数据
D:\Github\CppFishingCode(jimchall)\CppFishingCode\render\sprite.cpp(109,79): warning C4244: “参数”: 从“float”转换到“int”，可能丢失数据
D:\Github\CppFishingCode(jimchall)\CppFishingCode\render\sprite.cpp(109,62): warning C4244: “参数”: 从“float”转换到“int”，可能丢失数据
D:\Github\CppFishingCode(jimchall)\CppFishingCode\render\sprite.cpp(109,47): warning C4244: “参数”: 从“float”转换到“int”，可能丢失数据
D:\Github\CppFishingCode(jimchall)\CppFishingCode\render\sprite.cpp(113,72): warning C4244: “参数”: 从“float”转换到“int”，可能丢失数据
D:\Github\CppFishingCode(jimchall)\CppFishingCode\render\sprite.cpp(113,60): warning C4244: “参数”: 从“float”转换到“int”，可能丢失数据
D:\Github\CppFishingCode(jimchall)\CppFishingCode\render\sprite.cpp(113,50): warning C4244: “参数”: 从“float”转换到“int”，可能丢失数据
D:\Github\CppFishingCode(jimchall)\CppFishingCode\render\sprite.cpp(113,40): warning C4244: “参数”: 从“float”转换到“int”，可能丢失数据
D:\Github\CppFishingCode(jimchall)\CppFishingCode\render\sprite.cpp(116,104): warning C4244: “参数”: 从“float”转换到“int”，可能丢失数据
D:\Github\CppFishingCode(jimchall)\CppFishingCode\render\sprite.cpp(116,79): warning C4244: “参数”: 从“float”转换到“int”，可能丢失数据
D:\Github\CppFishingCode(jimchall)\CppFishingCode\render\sprite.cpp(116,62): warning C4244: “参数”: 从“float”转换到“int”，可能丢失数据
D:\Github\CppFishingCode(jimchall)\CppFishingCode\render\sprite.cpp(116,47): warning C4244: “参数”: 从“float”转换到“int”，可能丢失数据
D:\Github\CppFishingCode(jimchall)\CppFishingCode\render\sprite.cpp(120,19): warning C4267: “初始化”: 从“size_t”转换到“unsigned int”，可能丢失数据
  正在生成代码...
  正在编译...
  ticker.cpp
D:\Github\CppFishingCode(jimchall)\CppFishingCode\instance\utils.h(10,25): error C3878: 语法错误:“expression”后出现意外标记“s”
D:\Github\CppFishingCode(jimchall)\CppFishingCode\instance\utils.h(10,25): message : 已跳过错误恢复:“标识符 = 标识符  . . . (”
D:\Github\CppFishingCode(jimchall)\CppFishingCode\instance\utils.h(10,43): error C2760: 语法错误: 此处出现意外的“)”；应为“;”
D:\Github\CppFishingCode(jimchall)\CppFishingCode\instance\utils.h(10,43): error C3878: 语法错误:“expression_statement”后出现意外标记“)”
D:\Github\CppFishingCode(jimchall)\CppFishingCode\instance\utils.h(10,43): message : 已跳过错误恢复:“) ,”
D:\Github\CppFishingCode(jimchall)\CppFishingCode\instance\utils.h(10,3): error C7510: “iterator”: 类型 从属名称的使用必须以“typename”为前缀
D:\Github\CppFishingCode(jimchall)\CppFishingCode\instance\oMap.h(54,24): error C3878: 语法错误:“expression”后出现意外标记“s”
D:\Github\CppFishingCode(jimchall)\CppFishingCode\instance\oMap.h(54,24): message : 已跳过错误恢复:“标识符 = 标识符  . . . (”
D:\Github\CppFishingCode(jimchall)\CppFishingCode\instance\oMap.h(54,55): message : 正在分析此处的简历
D:\Github\CppFishingCode(jimchall)\CppFishingCode\instance\oMap.h(54,55): error C2760: 语法错误: 此处出现意外的“)”；应为“;”
D:\Github\CppFishingCode(jimchall)\CppFishingCode\instance\oMap.h(54,55): error C3878: 语法错误:“expression_statement”后出现意外标记“)”
D:\Github\CppFishingCode(jimchall)\CppFishingCode\instance\oMap.h(54,55): message : 已跳过错误恢复:“) ,”
D:\Github\CppFishingCode(jimchall)\CppFishingCode\instance\oMap.h(54,2): error C7510: “iterator”: 类型 从属名称的使用必须以“typename”为前缀
D:\Github\CppFishingCode(jimchall)\CppFishingCode\render\sprite.h(3,14): warning C4091: “extern ”: 没有声明变量时忽略“DemoApp”的左侧
D:\Github\CppFishingCode(jimchall)\CppFishingCode\render\ticker.cpp(34,20): warning C4267: “初始化”: 从“size_t”转换到“unsigned int”，可能丢失数据
  createBefore.cpp
D:\Github\CppFishingCode(jimchall)\CppFishingCode\instance\utils.h(10,25): error C3878: 语法错误:“expression”后出现意外标记“s”
D:\Github\CppFishingCode(jimchall)\CppFishingCode\instance\utils.h(10,25): message : 已跳过错误恢复:“标识符 = 标识符  . . . (”
D:\Github\CppFishingCode(jimchall)\CppFishingCode\instance\utils.h(10,43): error C2760: 语法错误: 此处出现意外的“)”；应为“;”
D:\Github\CppFishingCode(jimchall)\CppFishingCode\instance\utils.h(10,43): error C3878: 语法错误:“expression_statement”后出现意外标记“)”
D:\Github\CppFishingCode(jimchall)\CppFishingCode\instance\utils.h(10,43): message : 已跳过错误恢复:“) ,”
D:\Github\CppFishingCode(jimchall)\CppFishingCode\instance\utils.h(10,3): error C7510: “iterator”: 类型 从属名称的使用必须以“typename”为前缀
D:\Github\CppFishingCode(jimchall)\CppFishingCode\instance\oMap.h(54,24): error C3878: 语法错误:“expression”后出现意外标记“s”
D:\Github\CppFishingCode(jimchall)\CppFishingCode\instance\oMap.h(54,24): message : 已跳过错误恢复:“标识符 = 标识符  . . . (”
D:\Github\CppFishingCode(jimchall)\CppFishingCode\instance\oMap.h(54,55): message : 正在分析此处的简历
D:\Github\CppFishingCode(jimchall)\CppFishingCode\instance\oMap.h(54,55): error C2760: 语法错误: 此处出现意外的“)”；应为“;”
D:\Github\CppFishingCode(jimchall)\CppFishingCode\instance\oMap.h(54,55): error C3878: 语法错误:“expression_statement”后出现意外标记“)”
D:\Github\CppFishingCode(jimchall)\CppFishingCode\instance\oMap.h(54,55): message : 已跳过错误恢复:“) ,”
D:\Github\CppFishingCode(jimchall)\CppFishingCode\instance\oMap.h(54,2): error C7510: “iterator”: 类型 从属名称的使用必须以“typename”为前缀
D:\Github\CppFishingCode(jimchall)\CppFishingCode\render\sprite.h(3,14): warning C4091: “extern ”: 没有声明变量时忽略“DemoApp”的左侧
D:\Github\CppFishingCode(jimchall)\CppFishingCode\trigger\createBefore.h(2,15): warning C4091: “extern ”: 没有声明变量时忽略“DemoApp”的左侧
  正在生成代码...
